{"level":"info","message":"Identity servicess started on port 3001","service":"identity-service","timestamp":"2026-02-19T20:17:04.723Z"}
{"level":"info","message":"Received a POST request to /api/auth/register-user","service":"identity-service","timestamp":"2026-02-19T20:17:14.162Z"}
{"level":"info","message":"Request body [object Object]","service":"identity-service","timestamp":"2026-02-19T20:17:14.164Z"}
{"level":"info","message":"Registration started for a user","service":"identity-service","timestamp":"2026-02-19T20:17:14.170Z"}
{"level":"warn","message":"User already exists","service":"identity-service","timestamp":"2026-02-19T20:17:14.351Z"}
{"level":"info","message":"Received a POST request to /api/auth/register-user","service":"identity-service","timestamp":"2026-02-19T20:17:32.278Z"}
{"level":"info","message":"Request body [object Object]","service":"identity-service","timestamp":"2026-02-19T20:17:32.278Z"}
{"level":"info","message":"Registration started for a user","service":"identity-service","timestamp":"2026-02-19T20:17:32.280Z"}
{"level":"warn","message":"User saved 4.18 successfully","service":"identity-service","timestamp":"2026-02-19T20:17:32.618Z"}
{"level":"info","message":"Identity servicess started on port 3001","service":"identity-service","timestamp":"2026-02-19T20:43:20.185Z"}
{"level":"info","message":"Identity servicess started on port 3001","service":"identity-service","timestamp":"2026-02-19T20:44:04.617Z"}
{"level":"info","message":"Identity servicess started on port 3001","service":"identity-service","timestamp":"2026-02-19T20:48:46.626Z"}
{"level":"info","message":"Identity servicess started on port 3001","service":"identity-service","timestamp":"2026-02-19T20:49:26.530Z"}
{"level":"info","message":"Identity servicess started on port 3001","service":"identity-service","timestamp":"2026-02-19T20:49:42.334Z"}
{"level":"info","message":"Identity servicess started on port 3001","service":"identity-service","timestamp":"2026-02-19T20:50:12.501Z"}
{"level":"info","message":"Identity servicess started on port 3001","service":"identity-service","timestamp":"2026-02-19T20:50:21.290Z"}
{"level":"info","message":"Identity servicess started on port 3001","service":"identity-service","timestamp":"2026-02-19T20:50:24.091Z"}
{"level":"info","message":"Identity servicess started on port 3001","service":"identity-service","timestamp":"2026-02-19T20:50:27.540Z"}
{"level":"info","message":"Identity servicess started on port 3001","service":"identity-service","timestamp":"2026-02-19T20:51:34.889Z"}
{"level":"info","message":"Identity servicess started on port 3001","service":"identity-service","timestamp":"2026-02-19T20:51:41.625Z"}
{"level":"info","message":"Identity servicess started on port 3001","service":"identity-service","timestamp":"2026-02-19T20:52:22.455Z"}
{"level":"info","message":"Identity servicess started on port 3001","service":"identity-service","timestamp":"2026-02-19T20:54:01.972Z"}
{"level":"info","message":"Identity servicess started on port 3001","service":"identity-service","timestamp":"2026-02-19T20:54:36.113Z"}
{"level":"info","message":"Identity servicess started on port 3001","service":"identity-service","timestamp":"2026-02-19T20:55:14.346Z"}
{"level":"info","message":"Identity servicess started on port 3001","service":"identity-service","timestamp":"2026-02-19T20:55:18.503Z"}
{"level":"info","message":"Identity servicess started on port 3001","service":"identity-service","timestamp":"2026-02-19T20:55:49.671Z"}
{"level":"info","message":"Identity servicess started on port 3001","service":"identity-service","timestamp":"2026-02-19T20:56:33.464Z"}
{"level":"info","message":"Identity servicess started on port 3001","service":"identity-service","timestamp":"2026-02-19T20:57:00.879Z"}
{"level":"info","message":"Identity servicess started on port 3001","service":"identity-service","timestamp":"2026-02-19T20:58:15.823Z"}
{"level":"info","message":"Identity servicess started on port 3001","service":"identity-service","timestamp":"2026-02-19T20:58:26.591Z"}
{"level":"info","message":"Identity servicess started on port 3001","service":"identity-service","timestamp":"2026-02-19T20:59:24.701Z"}
{"level":"info","message":"Identity servicess started on port 3001","service":"identity-service","timestamp":"2026-02-19T20:59:35.351Z"}
{"level":"info","message":"Identity servicess started on port 3001","service":"identity-service","timestamp":"2026-02-19T20:59:48.804Z"}
{"level":"info","message":"Identity servicess started on port 3001","service":"identity-service","timestamp":"2026-02-19T21:00:03.203Z"}
{"level":"info","message":"Identity servicess started on port 3001","service":"identity-service","timestamp":"2026-02-19T21:00:20.962Z"}
{"level":"info","message":"Identity servicess started on port 3001","service":"identity-service","timestamp":"2026-02-19T21:00:38.502Z"}
{"level":"info","message":"Identity servicess started on port 3001","service":"identity-service","timestamp":"2026-02-19T21:01:02.229Z"}
{"level":"info","message":"Received a POST request to /api/auth/login-user","service":"identity-service","timestamp":"2026-02-19T21:02:37.071Z"}
{"level":"info","message":"Request body [object Object]","service":"identity-service","timestamp":"2026-02-19T21:02:37.072Z"}
{"level":"info","message":"login endpoint hit","service":"identity-service","timestamp":"2026-02-19T21:02:37.079Z"}
{"0":"\"","1":"u","10":" ","11":"i","12":"s","13":" ","14":"r","15":"e","16":"q","17":"u","18":"i","19":"r","2":"s","20":"e","21":"d","3":"e","4":"r","5":"n","6":"a","7":"m","8":"e","9":"\"","level":"warn","message":"Validation error","service":"identity-service","timestamp":"2026-02-19T21:02:37.088Z"}
{"level":"info","message":"Identity servicess started on port 3001","service":"identity-service","timestamp":"2026-02-19T21:03:49.870Z"}
{"level":"info","message":"Identity servicess started on port 3001","service":"identity-service","timestamp":"2026-02-19T21:05:20.437Z"}
{"level":"info","message":"Received a POST request to /api/auth/login-user","service":"identity-service","timestamp":"2026-02-19T21:05:28.748Z"}
{"level":"info","message":"Request body [object Object]","service":"identity-service","timestamp":"2026-02-19T21:05:28.749Z"}
{"level":"info","message":"login endpoint hit","service":"identity-service","timestamp":"2026-02-19T21:05:28.754Z"}
{"level":"info","message":"Identity servicess started on port 3001","service":"identity-service","timestamp":"2026-02-19T21:05:50.673Z"}
{"level":"info","message":"Received a POST request to /api/auth/login-user","service":"identity-service","timestamp":"2026-02-19T21:06:07.430Z"}
{"level":"info","message":"Request body [object Object]","service":"identity-service","timestamp":"2026-02-19T21:06:07.431Z"}
{"level":"info","message":"login endpoint hit","service":"identity-service","timestamp":"2026-02-19T21:06:07.435Z"}
{"level":"info","message":"Identity servicess started on port 3001","service":"identity-service","timestamp":"2026-02-19T21:54:30.425Z"}
{"level":"info","message":"Identity servicess started on port 3001","service":"identity-service","timestamp":"2026-02-19T21:55:16.860Z"}
{"level":"info","message":"Identity servicess started on port 3001","service":"identity-service","timestamp":"2026-02-19T21:55:27.313Z"}
{"level":"info","message":"Identity servicess started on port 3001","service":"identity-service","timestamp":"2026-02-19T21:55:34.604Z"}
{"level":"info","message":"Identity servicess started on port 3001","service":"identity-service","timestamp":"2026-02-19T21:55:57.990Z"}
{"level":"info","message":"Identity servicess started on port 3001","service":"identity-service","timestamp":"2026-02-19T21:56:13.614Z"}
{"level":"info","message":"Identity servicess started on port 3001","service":"identity-service","timestamp":"2026-02-19T21:56:24.619Z"}
{"level":"info","message":"Identity servicess started on port 3001","service":"identity-service","timestamp":"2026-02-19T21:56:37.157Z"}
{"level":"info","message":"Identity servicess started on port 3001","service":"identity-service","timestamp":"2026-02-19T21:57:00.808Z"}
{"level":"info","message":"Identity servicess started on port 3001","service":"identity-service","timestamp":"2026-02-19T21:58:19.994Z"}
{"level":"info","message":"Identity servicess started on port 3001","service":"identity-service","timestamp":"2026-02-19T21:58:25.832Z"}
{"level":"info","message":"Identity servicess started on port 3001","service":"identity-service","timestamp":"2026-02-19T21:58:40.870Z"}
{"level":"info","message":"Identity servicess started on port 3001","service":"identity-service","timestamp":"2026-02-19T22:34:18.794Z"}
{"level":"info","message":"Identity servicess started on port 3001","service":"identity-service","timestamp":"2026-02-19T22:34:26.523Z"}
{"level":"info","message":"Identity servicess started on port 3001","service":"identity-service","timestamp":"2026-02-19T22:35:03.241Z"}
{"level":"info","message":"Identity servicess started on port 3001","service":"identity-service","timestamp":"2026-02-19T22:35:18.497Z"}
{"level":"info","message":"Identity servicess started on port 3001","service":"identity-service","timestamp":"2026-02-19T22:35:25.790Z"}
{"level":"info","message":"Identity servicess started on port 3001","service":"identity-service","timestamp":"2026-02-19T22:35:46.960Z"}
{"level":"info","message":"Identity servicess started on port 3001","service":"identity-service","timestamp":"2026-02-19T22:36:11.648Z"}
{"level":"info","message":"Identity servicess started on port 3001","service":"identity-service","timestamp":"2026-02-19T22:37:37.501Z"}
{"level":"info","message":"Identity servicess started on port 3001","service":"identity-service","timestamp":"2026-02-19T22:44:55.806Z"}
{"level":"info","message":"Identity servicess started on port 3001","service":"identity-service","timestamp":"2026-02-19T22:45:33.506Z"}
{"level":"info","message":"Identity servicess started on port 3001","service":"identity-service","timestamp":"2026-02-19T22:46:16.059Z"}
{"level":"info","message":"Identity servicess started on port 3001","service":"identity-service","timestamp":"2026-02-19T22:46:37.551Z"}
{"level":"info","message":"Identity servicess started on port 3001","service":"identity-service","timestamp":"2026-02-19T22:46:56.380Z"}
{"level":"info","message":"Identity servicess started on port 3001","service":"identity-service","timestamp":"2026-02-19T22:48:21.819Z"}
{"level":"info","message":"Identity servicess started on port 3001","service":"identity-service","timestamp":"2026-02-19T22:48:28.836Z"}
{"level":"info","message":"Identity servicess started on port 3001","service":"identity-service","timestamp":"2026-02-19T22:49:13.505Z"}
{"level":"info","message":"Identity servicess started on port 3001","service":"identity-service","timestamp":"2026-02-19T22:50:28.950Z"}
{"level":"info","message":"Identity servicess started on port 3001","service":"identity-service","timestamp":"2026-02-19T22:50:36.955Z"}
{"level":"info","message":"Identity servicess started on port 3001","service":"identity-service","timestamp":"2026-02-19T22:51:18.658Z"}
{"level":"info","message":"Identity servicess started on port 3001","service":"identity-service","timestamp":"2026-02-19T22:52:11.761Z"}
