{"level":"info","message":"API gateway started port 3000","service":"identity-service","timestamp":"2026-02-19T20:05:14.406Z"}
{"level":"info","message":"Identity service started on port http://localhost:3001","service":"identity-service","timestamp":"2026-02-19T20:05:14.410Z"}
{"level":"info","message":"Redis url: redis://localhost:6379","service":"identity-service","timestamp":"2026-02-19T20:05:14.411Z"}
{"level":"info","message":"API gateway started port 3000","service":"identity-service","timestamp":"2026-02-19T20:05:56.592Z"}
{"level":"info","message":"Identity service started on port http://localhost:3001","service":"identity-service","timestamp":"2026-02-19T20:05:56.595Z"}
{"level":"info","message":"Redis url: redis://localhost:6379","service":"identity-service","timestamp":"2026-02-19T20:05:56.596Z"}
{"level":"info","message":"Received a POST request to /api/auth/register-user","service":"identity-service","timestamp":"2026-02-19T20:07:22.513Z"}
{"level":"info","message":"Request body [object Object]","service":"identity-service","timestamp":"2026-02-19T20:07:22.513Z"}
{"level":"info","message":"Received a POST request to /api/auth/register-user","service":"identity-service","timestamp":"2026-02-19T20:07:33.687Z"}
{"level":"info","message":"Request body [object Object]","service":"identity-service","timestamp":"2026-02-19T20:07:33.687Z"}
{"level":"info","message":"Received a POST request to /v1/auth/register-user","service":"identity-service","timestamp":"2026-02-19T20:10:51.253Z"}
{"level":"info","message":"Request body [object Object]","service":"identity-service","timestamp":"2026-02-19T20:10:51.253Z"}
{"level":"error","message":"Proxy error: ","service":"identity-service","timestamp":"2026-02-19T20:10:51.260Z"}
{"level":"info","message":"Received a POST request to /v1/auth/register-user","service":"identity-service","timestamp":"2026-02-19T20:17:14.104Z"}
{"level":"info","message":"Request body [object Object]","service":"identity-service","timestamp":"2026-02-19T20:17:14.105Z"}
{"level":"info","message":"Response received from identity service: 400","service":"identity-service","timestamp":"2026-02-19T20:17:14.364Z"}
{"level":"info","message":"Received a POST request to /v1/auth/register-user","service":"identity-service","timestamp":"2026-02-19T20:17:32.276Z"}
{"level":"info","message":"Request body [object Object]","service":"identity-service","timestamp":"2026-02-19T20:17:32.276Z"}
{"level":"info","message":"Response received from identity service: 201","service":"identity-service","timestamp":"2026-02-19T20:17:32.766Z"}
{"level":"info","message":"Received a POST request to /v1/auth/login-user","service":"identity-service","timestamp":"2026-02-19T21:02:37.035Z"}
{"level":"info","message":"Request body [object Object]","service":"identity-service","timestamp":"2026-02-19T21:02:37.037Z"}
{"level":"info","message":"Response received from identity service: 400","service":"identity-service","timestamp":"2026-02-19T21:02:37.094Z"}
{"level":"info","message":"Received a POST request to /v1/auth/login-user","service":"identity-service","timestamp":"2026-02-19T21:05:28.728Z"}
{"level":"info","message":"Request body [object Object]","service":"identity-service","timestamp":"2026-02-19T21:05:28.728Z"}
{"level":"info","message":"Response received from identity service: 200","service":"identity-service","timestamp":"2026-02-19T21:05:28.994Z"}
{"level":"info","message":"Received a POST request to /v1/auth/login-user","service":"identity-service","timestamp":"2026-02-19T21:06:07.409Z"}
{"level":"info","message":"Request body [object Object]","service":"identity-service","timestamp":"2026-02-19T21:06:07.409Z"}
{"level":"info","message":"Response received from identity service: 200","service":"identity-service","timestamp":"2026-02-19T21:06:07.836Z"}
{"level":"info","message":"API gateway started port 3000","service":"identity-service","timestamp":"2026-02-20T22:25:59.463Z"}
{"level":"info","message":"Identity service started on port http://localhost:3001","service":"identity-service","timestamp":"2026-02-20T22:25:59.469Z"}
{"level":"info","message":"Redis url: redis://localhost:6379","service":"identity-service","timestamp":"2026-02-20T22:25:59.469Z"}
{"level":"info","message":"Received a GET request to /v1/posts/create-new-post","service":"identity-service","timestamp":"2026-02-20T22:28:50.590Z"}
{"level":"info","message":"Request body undefined","service":"identity-service","timestamp":"2026-02-20T22:28:50.592Z"}
{"level":"error","message":"Proxy error: Cannot read properties of undefined (reading 'userId')","service":"identity-service","timestamp":"2026-02-20T22:28:50.598Z"}
{"level":"info","message":"Received a GET request to /v1/posts/create-new-post","service":"identity-service","timestamp":"2026-02-20T22:29:09.899Z"}
{"level":"info","message":"Request body undefined","service":"identity-service","timestamp":"2026-02-20T22:29:09.900Z"}
{"level":"error","message":"Proxy error: Cannot read properties of undefined (reading 'userId')","service":"identity-service","timestamp":"2026-02-20T22:29:09.903Z"}
{"level":"info","message":"Received a POST request to /v1/auth/login-user","service":"identity-service","timestamp":"2026-02-20T22:30:53.131Z"}
{"level":"info","message":"Request body [object Object]","service":"identity-service","timestamp":"2026-02-20T22:30:53.132Z"}
{"level":"error","message":"Proxy error: ","service":"identity-service","timestamp":"2026-02-20T22:30:53.148Z"}
{"level":"info","message":"Received a POST request to /v1/auth/login-user","service":"identity-service","timestamp":"2026-02-20T22:31:36.768Z"}
{"level":"info","message":"Request body [object Object]","service":"identity-service","timestamp":"2026-02-20T22:31:36.769Z"}
{"level":"info","message":"Response received from identity service: 400","service":"identity-service","timestamp":"2026-02-20T22:31:46.885Z"}
{"level":"info","message":"Received a POST request to /v1/auth/login-user","service":"identity-service","timestamp":"2026-02-20T22:36:14.710Z"}
{"level":"info","message":"Request body [object Object]","service":"identity-service","timestamp":"2026-02-20T22:36:14.710Z"}
{"level":"info","message":"Response received from identity service: 400","service":"identity-service","timestamp":"2026-02-20T22:36:24.743Z"}
{"level":"info","message":"Received a GET request to /v1/posts/create-new-post","service":"identity-service","timestamp":"2026-02-20T22:36:52.891Z"}
{"level":"info","message":"Request body undefined","service":"identity-service","timestamp":"2026-02-20T22:36:52.891Z"}
{"level":"error","message":"Proxy error: Cannot read properties of undefined (reading 'userId')","service":"identity-service","timestamp":"2026-02-20T22:36:52.893Z"}
{"level":"info","message":"API gateway started port 3000","service":"identity-service","timestamp":"2026-02-20T22:37:47.087Z"}
{"level":"info","message":"Identity service started on port http://localhost:3001","service":"identity-service","timestamp":"2026-02-20T22:37:47.093Z"}
{"level":"info","message":"Redis url: redis://localhost:6379","service":"identity-service","timestamp":"2026-02-20T22:37:47.094Z"}
{"level":"info","message":"API gateway started port 3000","service":"identity-service","timestamp":"2026-02-20T22:37:54.853Z"}
{"level":"info","message":"Identity service started on port http://localhost:3001","service":"identity-service","timestamp":"2026-02-20T22:37:54.862Z"}
{"level":"info","message":"Redis url: redis://localhost:6379","service":"identity-service","timestamp":"2026-02-20T22:37:54.863Z"}
{"level":"info","message":"Received a GET request to /v1/posts/create-new-post","service":"identity-service","timestamp":"2026-02-20T22:38:35.413Z"}
{"level":"info","message":"Request body undefined","service":"identity-service","timestamp":"2026-02-20T22:38:35.415Z"}
{"level":"warn","message":"Access attempt without valid token!","service":"identity-service","timestamp":"2026-02-20T22:38:35.416Z"}
{"level":"info","message":"Received a POST request to /v1/auth/login-user","service":"identity-service","timestamp":"2026-02-20T22:42:53.711Z"}
{"level":"info","message":"Request body [object Object]","service":"identity-service","timestamp":"2026-02-20T22:42:53.712Z"}
{"level":"info","message":"Response received from identity service: 400","service":"identity-service","timestamp":"2026-02-20T22:43:03.753Z"}
{"level":"info","message":"Received a POST request to /v1/auth/login-user","service":"identity-service","timestamp":"2026-02-20T22:44:28.599Z"}
{"level":"info","message":"Request body [object Object]","service":"identity-service","timestamp":"2026-02-20T22:44:28.600Z"}
{"level":"info","message":"Response received from identity service: 400","service":"identity-service","timestamp":"2026-02-20T22:44:38.620Z"}
{"level":"info","message":"Received a POST request to /v1/auth/login-user","service":"identity-service","timestamp":"2026-02-20T22:47:25.472Z"}
{"level":"info","message":"Request body [object Object]","service":"identity-service","timestamp":"2026-02-20T22:47:25.473Z"}
{"level":"info","message":"Response received from identity service: 400","service":"identity-service","timestamp":"2026-02-20T22:47:35.587Z"}
{"level":"info","message":"Received a POST request to /v1/auth/login-user","service":"identity-service","timestamp":"2026-02-20T22:50:07.902Z"}
{"level":"info","message":"Request body [object Object]","service":"identity-service","timestamp":"2026-02-20T22:50:07.903Z"}
{"level":"info","message":"Response received from identity service: 400","service":"identity-service","timestamp":"2026-02-20T22:50:18.102Z"}
{"level":"info","message":"Received a POST request to /v1/auth/login-user","service":"identity-service","timestamp":"2026-02-20T22:51:01.720Z"}
{"level":"info","message":"Request body [object Object]","service":"identity-service","timestamp":"2026-02-20T22:51:01.721Z"}
{"level":"info","message":"Response received from identity service: 400","service":"identity-service","timestamp":"2026-02-20T22:51:11.846Z"}
{"level":"info","message":"Received a POST request to /v1/auth/login-user","service":"identity-service","timestamp":"2026-02-20T22:52:05.105Z"}
{"level":"info","message":"Request body [object Object]","service":"identity-service","timestamp":"2026-02-20T22:52:05.106Z"}
{"level":"info","message":"Response received from identity service: 400","service":"identity-service","timestamp":"2026-02-20T22:52:15.224Z"}
{"level":"info","message":"Received a POST request to /v1/auth/register-user","service":"identity-service","timestamp":"2026-02-20T22:55:30.737Z"}
{"level":"info","message":"Request body [object Object]","service":"identity-service","timestamp":"2026-02-20T22:55:30.738Z"}
{"level":"info","message":"Response received from identity service: 400","service":"identity-service","timestamp":"2026-02-20T22:55:40.786Z"}
{"level":"info","message":"Received a POST request to /v1/auth/register-user","service":"identity-service","timestamp":"2026-02-20T22:56:19.314Z"}
{"level":"info","message":"Request body [object Object]","service":"identity-service","timestamp":"2026-02-20T22:56:19.315Z"}
{"level":"info","message":"Response received from identity service: 400","service":"identity-service","timestamp":"2026-02-20T22:56:29.438Z"}
{"level":"info","message":"Received a POST request to /v1/auth/register-user","service":"identity-service","timestamp":"2026-02-20T23:00:49.813Z"}
{"level":"info","message":"Request body [object Object]","service":"identity-service","timestamp":"2026-02-20T23:00:49.814Z"}
{"level":"info","message":"Response received from identity service: 400","service":"identity-service","timestamp":"2026-02-20T23:00:59.925Z"}
{"level":"info","message":"API gateway started port 3000","service":"identity-service","timestamp":"2026-02-21T00:07:48.787Z"}
{"level":"info","message":"Identity service started on port http://localhost:3001","service":"identity-service","timestamp":"2026-02-21T00:07:48.793Z"}
{"level":"info","message":"Redis url: redis://localhost:6379","service":"identity-service","timestamp":"2026-02-21T00:07:48.795Z"}
{"level":"info","message":"API gateway started port 3000","service":"identity-service","timestamp":"2026-02-21T00:11:18.339Z"}
{"level":"info","message":"Identity service started on port http://localhost:3001","service":"identity-service","timestamp":"2026-02-21T00:11:18.346Z"}
{"level":"info","message":"Redis url: redis://localhost:6379","service":"identity-service","timestamp":"2026-02-21T00:11:18.347Z"}
{"level":"info","message":"API gateway started port 3000","service":"identity-service","timestamp":"2026-02-21T00:11:26.033Z"}
{"level":"info","message":"Identity service started on port http://localhost:3001","service":"identity-service","timestamp":"2026-02-21T00:11:26.041Z"}
{"level":"info","message":"Redis url: redis://localhost:6379","service":"identity-service","timestamp":"2026-02-21T00:11:26.042Z"}
{"level":"info","message":"Received a GET request to /v1/posts/create-new-post","service":"identity-service","timestamp":"2026-02-21T00:12:52.504Z"}
{"level":"info","message":"Request body undefined","service":"identity-service","timestamp":"2026-02-21T00:12:52.505Z"}
{"level":"warn","message":"Access attempt without valid token!","service":"identity-service","timestamp":"2026-02-21T00:12:52.506Z"}
{"level":"info","message":"Received a POST request to /v1/auth/login-user","service":"identity-service","timestamp":"2026-02-21T00:13:17.621Z"}
{"level":"info","message":"Request body [object Object]","service":"identity-service","timestamp":"2026-02-21T00:13:17.621Z"}
{"level":"info","message":"Response received from identity service: 200","service":"identity-service","timestamp":"2026-02-21T00:13:18.220Z"}
{"level":"info","message":"Received a GET request to /v1/posts/create-new-post","service":"identity-service","timestamp":"2026-02-21T00:13:41.055Z"}
{"level":"info","message":"Request body undefined","service":"identity-service","timestamp":"2026-02-21T00:13:41.056Z"}
{"level":"warn","message":"Invalid Token","service":"identity-service","timestamp":"2026-02-21T00:13:41.058Z"}
{"level":"info","message":"Received a GET request to /v1/posts/create-new-post","service":"identity-service","timestamp":"2026-02-21T00:14:05.135Z"}
{"level":"info","message":"Request body undefined","service":"identity-service","timestamp":"2026-02-21T00:14:05.136Z"}
{"level":"warn","message":"Invalid Token","service":"identity-service","timestamp":"2026-02-21T00:14:05.137Z"}
{"level":"info","message":"Received a GET request to /v1/posts/create-new-post","service":"identity-service","timestamp":"2026-02-21T00:14:30.426Z"}
{"level":"info","message":"Request body undefined","service":"identity-service","timestamp":"2026-02-21T00:14:30.427Z"}
{"level":"warn","message":"Invalid Token","service":"identity-service","timestamp":"2026-02-21T00:14:30.427Z"}
{"level":"info","message":"Received a GET request to /v1/posts/create-new-post","service":"identity-service","timestamp":"2026-02-21T00:17:00.273Z"}
{"level":"info","message":"Request body undefined","service":"identity-service","timestamp":"2026-02-21T00:17:00.274Z"}
{"level":"warn","message":"Invalid Token","service":"identity-service","timestamp":"2026-02-21T00:17:00.274Z"}
{"level":"info","message":"Received a GET request to /v1/posts/create-new-post","service":"identity-service","timestamp":"2026-02-21T00:17:31.639Z"}
{"level":"info","message":"Request body undefined","service":"identity-service","timestamp":"2026-02-21T00:17:31.639Z"}
{"level":"warn","message":"Invalid Token","service":"identity-service","timestamp":"2026-02-21T00:17:31.640Z"}
{"level":"info","message":"Received a GET request to /v1/posts/create-new-post","service":"identity-service","timestamp":"2026-02-21T00:17:33.342Z"}
{"level":"info","message":"Request body undefined","service":"identity-service","timestamp":"2026-02-21T00:17:33.342Z"}
{"level":"warn","message":"Invalid Token","service":"identity-service","timestamp":"2026-02-21T00:17:33.343Z"}
{"level":"info","message":"Received a GET request to /v1/posts/create-new-post","service":"identity-service","timestamp":"2026-02-21T00:17:51.565Z"}
{"level":"info","message":"Request body undefined","service":"identity-service","timestamp":"2026-02-21T00:17:51.566Z"}
{"level":"warn","message":"Invalid Token","service":"identity-service","timestamp":"2026-02-21T00:17:51.567Z"}
{"level":"info","message":"Received a GET request to /v1/posts/create-new-post","service":"identity-service","timestamp":"2026-02-21T00:17:53.690Z"}
{"level":"info","message":"Request body undefined","service":"identity-service","timestamp":"2026-02-21T00:17:53.690Z"}
{"level":"warn","message":"Invalid Token","service":"identity-service","timestamp":"2026-02-21T00:17:53.691Z"}
{"level":"info","message":"Received a GET request to /v1/posts/create-new-post","service":"identity-service","timestamp":"2026-02-21T00:17:55.857Z"}
{"level":"info","message":"Request body undefined","service":"identity-service","timestamp":"2026-02-21T00:17:55.858Z"}
{"level":"warn","message":"Invalid Token","service":"identity-service","timestamp":"2026-02-21T00:17:55.858Z"}
{"level":"info","message":"Received a GET request to /v1/posts/create-new-post","service":"identity-service","timestamp":"2026-02-21T00:17:57.820Z"}
{"level":"info","message":"Request body undefined","service":"identity-service","timestamp":"2026-02-21T00:17:57.820Z"}
{"level":"warn","message":"Invalid Token","service":"identity-service","timestamp":"2026-02-21T00:17:57.821Z"}
{"level":"info","message":"Received a GET request to /v1/posts/create-new-post","service":"identity-service","timestamp":"2026-02-21T00:17:59.380Z"}
{"level":"info","message":"Request body undefined","service":"identity-service","timestamp":"2026-02-21T00:17:59.380Z"}
{"level":"warn","message":"Invalid Token","service":"identity-service","timestamp":"2026-02-21T00:17:59.381Z"}
{"level":"info","message":"Received a GET request to /v1/posts/create-new-post","service":"identity-service","timestamp":"2026-02-21T00:18:37.748Z"}
{"level":"info","message":"Request body undefined","service":"identity-service","timestamp":"2026-02-21T00:18:37.748Z"}
{"level":"warn","message":"Invalid Token","service":"identity-service","timestamp":"2026-02-21T00:18:37.749Z"}
{"level":"info","message":"Received a GET request to /v1/posts/create-new-post","service":"identity-service","timestamp":"2026-02-21T00:18:39.496Z"}
{"level":"info","message":"Request body undefined","service":"identity-service","timestamp":"2026-02-21T00:18:39.496Z"}
{"level":"warn","message":"Invalid Token","service":"identity-service","timestamp":"2026-02-21T00:18:39.497Z"}
{"level":"info","message":"Received a GET request to /v1/posts/create-new-post","service":"identity-service","timestamp":"2026-02-21T00:19:22.693Z"}
{"level":"info","message":"Request body undefined","service":"identity-service","timestamp":"2026-02-21T00:19:22.694Z"}
{"level":"warn","message":"Access attempt without valid token!","service":"identity-service","timestamp":"2026-02-21T00:19:22.694Z"}
{"level":"info","message":"Received a POST request to /v1/auth/login-user","service":"identity-service","timestamp":"2026-02-21T00:19:30.390Z"}
{"level":"info","message":"Request body [object Object]","service":"identity-service","timestamp":"2026-02-21T00:19:30.391Z"}
{"level":"info","message":"Response received from identity service: 200","service":"identity-service","timestamp":"2026-02-21T00:19:31.055Z"}
{"level":"info","message":"Received a GET request to /v1/posts/create-new-post","service":"identity-service","timestamp":"2026-02-21T00:20:21.330Z"}
{"level":"info","message":"Request body undefined","service":"identity-service","timestamp":"2026-02-21T00:20:21.331Z"}
{"level":"warn","message":"Invalid Token","service":"identity-service","timestamp":"2026-02-21T00:20:21.331Z"}
{"level":"info","message":"Received a GET request to /v1/posts/create-new-post","service":"identity-service","timestamp":"2026-02-21T00:23:28.300Z"}
{"level":"info","message":"Request body undefined","service":"identity-service","timestamp":"2026-02-21T00:23:28.301Z"}
{"level":"warn","message":"Invalid Token","service":"identity-service","timestamp":"2026-02-21T00:23:28.301Z"}
{"level":"info","message":"API gateway started port 3000","service":"identity-service","timestamp":"2026-02-21T00:24:02.728Z"}
{"level":"info","message":"Identity service started on port http://localhost:3001","service":"identity-service","timestamp":"2026-02-21T00:24:02.740Z"}
{"level":"info","message":"Redis url: redis://localhost:6379","service":"identity-service","timestamp":"2026-02-21T00:24:02.741Z"}
{"level":"info","message":"Received a GET request to /v1/posts/create-new-post","service":"identity-service","timestamp":"2026-02-21T00:24:11.864Z"}
{"level":"info","message":"Request body undefined","service":"identity-service","timestamp":"2026-02-21T00:24:11.865Z"}
{"level":"warn","message":"Invalid Token","service":"identity-service","timestamp":"2026-02-21T00:24:11.868Z"}
{"level":"info","message":"Received a GET request to /v1/posts/create-new-post","service":"identity-service","timestamp":"2026-02-21T00:24:15.501Z"}
{"level":"info","message":"Request body undefined","service":"identity-service","timestamp":"2026-02-21T00:24:15.501Z"}
{"level":"warn","message":"Invalid Token","service":"identity-service","timestamp":"2026-02-21T00:24:15.503Z"}
{"level":"info","message":"Received a GET request to /v1/posts/create-new-post","service":"identity-service","timestamp":"2026-02-21T00:24:17.248Z"}
{"level":"info","message":"Request body undefined","service":"identity-service","timestamp":"2026-02-21T00:24:17.249Z"}
{"level":"warn","message":"Invalid Token","service":"identity-service","timestamp":"2026-02-21T00:24:17.250Z"}
{"level":"info","message":"API gateway started port 3000","service":"identity-service","timestamp":"2026-02-21T00:26:08.649Z"}
{"level":"info","message":"Identity service started on port http://localhost:3001","service":"identity-service","timestamp":"2026-02-21T00:26:08.656Z"}
{"level":"info","message":"Redis url: redis://localhost:6379","service":"identity-service","timestamp":"2026-02-21T00:26:08.657Z"}
{"level":"info","message":"Received a GET request to /v1/posts/create-new-post","service":"identity-service","timestamp":"2026-02-21T00:26:10.759Z"}
{"level":"info","message":"Request body undefined","service":"identity-service","timestamp":"2026-02-21T00:26:10.760Z"}
{"level":"warn","message":"Invalid Token","service":"identity-service","timestamp":"2026-02-21T00:26:10.763Z"}
{"level":"info","message":"API gateway started port 3000","service":"identity-service","timestamp":"2026-02-21T00:27:03.062Z"}
{"level":"info","message":"Identity service started on port http://localhost:3001","service":"identity-service","timestamp":"2026-02-21T00:27:03.071Z"}
{"level":"info","message":"Redis url: redis://localhost:6379","service":"identity-service","timestamp":"2026-02-21T00:27:03.072Z"}
{"level":"info","message":"Received a GET request to /v1/posts/create-new-post","service":"identity-service","timestamp":"2026-02-21T00:27:05.288Z"}
{"level":"info","message":"Request body undefined","service":"identity-service","timestamp":"2026-02-21T00:27:05.290Z"}
{"level":"warn","message":"Invalid Token","service":"identity-service","timestamp":"2026-02-21T00:27:05.295Z"}
{"level":"info","message":"API gateway started port 3000","service":"identity-service","timestamp":"2026-02-21T00:27:17.811Z"}
{"level":"info","message":"Identity service started on port http://localhost:3001","service":"identity-service","timestamp":"2026-02-21T00:27:17.821Z"}
{"level":"info","message":"Redis url: redis://localhost:6379","service":"identity-service","timestamp":"2026-02-21T00:27:17.823Z"}
{"level":"info","message":"Received a GET request to /v1/posts/create-new-post","service":"identity-service","timestamp":"2026-02-21T00:28:25.091Z"}
{"level":"info","message":"Request body undefined","service":"identity-service","timestamp":"2026-02-21T00:28:25.092Z"}
{"level":"warn","message":"Invalid Token","service":"identity-service","timestamp":"2026-02-21T00:28:25.095Z"}
{"level":"info","message":"Received a GET request to /v1/posts/create-new-post","service":"identity-service","timestamp":"2026-02-21T00:31:31.441Z"}
{"level":"info","message":"Request body undefined","service":"identity-service","timestamp":"2026-02-21T00:31:31.442Z"}
{"level":"warn","message":"Invalid Token","service":"identity-service","timestamp":"2026-02-21T00:31:31.444Z"}
{"level":"info","message":"Received a GET request to /v1/posts/create-new-post","service":"identity-service","timestamp":"2026-02-21T00:31:34.131Z"}
{"level":"info","message":"Request body undefined","service":"identity-service","timestamp":"2026-02-21T00:31:34.131Z"}
{"level":"warn","message":"Invalid Token","service":"identity-service","timestamp":"2026-02-21T00:31:34.132Z"}
{"level":"info","message":"Received a POST request to /v1/auth/login-user","service":"identity-service","timestamp":"2026-02-21T00:31:48.745Z"}
{"level":"info","message":"Request body [object Object]","service":"identity-service","timestamp":"2026-02-21T00:31:48.745Z"}
{"level":"info","message":"Response received from identity service: 200","service":"identity-service","timestamp":"2026-02-21T00:31:49.436Z"}
{"level":"info","message":"Received a GET request to /v1/posts/create-new-post","service":"identity-service","timestamp":"2026-02-21T00:32:12.326Z"}
{"level":"info","message":"Request body undefined","service":"identity-service","timestamp":"2026-02-21T00:32:12.326Z"}
{"level":"warn","message":"Invalid Token","service":"identity-service","timestamp":"2026-02-21T00:32:12.327Z"}
{"level":"info","message":"API gateway started port 3000","service":"identity-service","timestamp":"2026-02-21T00:33:10.536Z"}
{"level":"info","message":"Identity service started on port http://localhost:3001","service":"identity-service","timestamp":"2026-02-21T00:33:10.542Z"}
{"level":"info","message":"Redis url: redis://localhost:6379","service":"identity-service","timestamp":"2026-02-21T00:33:10.543Z"}
{"level":"info","message":"Received a POST request to /v1/auth/login-user","service":"identity-service","timestamp":"2026-02-21T00:33:19.316Z"}
{"level":"info","message":"Request body [object Object]","service":"identity-service","timestamp":"2026-02-21T00:33:19.317Z"}
{"level":"info","message":"Response received from identity service: 200","service":"identity-service","timestamp":"2026-02-21T00:33:19.970Z"}
{"level":"info","message":"Received a POST request to /v1/auth/login-user","service":"identity-service","timestamp":"2026-02-21T00:34:24.072Z"}
{"level":"info","message":"Request body [object Object]","service":"identity-service","timestamp":"2026-02-21T00:34:24.073Z"}
{"level":"info","message":"Response received from identity service: 400","service":"identity-service","timestamp":"2026-02-21T00:34:24.209Z"}
{"level":"info","message":"Received a POST request to /v1/auth/login-user","service":"identity-service","timestamp":"2026-02-21T00:34:36.960Z"}
{"level":"info","message":"Request body [object Object]","service":"identity-service","timestamp":"2026-02-21T00:34:36.961Z"}
{"level":"info","message":"Response received from identity service: 200","service":"identity-service","timestamp":"2026-02-21T00:34:37.585Z"}
{"level":"info","message":"Received a GET request to /v1/posts/create-new-post","service":"identity-service","timestamp":"2026-02-21T00:34:50.183Z"}
{"level":"info","message":"Request body undefined","service":"identity-service","timestamp":"2026-02-21T00:34:50.183Z"}
{"level":"info","message":"Response received from post service: 404","service":"identity-service","timestamp":"2026-02-21T00:34:50.198Z"}
{"level":"info","message":"Received a POST request to /v1/posts/create-new-post","service":"identity-service","timestamp":"2026-02-21T00:34:59.471Z"}
{"level":"info","message":"Request body undefined","service":"identity-service","timestamp":"2026-02-21T00:34:59.472Z"}
{"level":"info","message":"Response received from post service: 404","service":"identity-service","timestamp":"2026-02-21T00:34:59.482Z"}
{"level":"info","message":"Received a POST request to /v1/posts/create-new-post","service":"identity-service","timestamp":"2026-02-21T00:35:12.769Z"}
{"level":"info","message":"Request body undefined","service":"identity-service","timestamp":"2026-02-21T00:35:12.769Z"}
{"level":"warn","message":"Invalid Token","service":"identity-service","timestamp":"2026-02-21T00:35:12.770Z"}
{"level":"info","message":"Received a POST request to /v1/posts/create-new-post","service":"identity-service","timestamp":"2026-02-21T00:35:18.493Z"}
{"level":"info","message":"Request body undefined","service":"identity-service","timestamp":"2026-02-21T00:35:18.494Z"}
{"level":"info","message":"Response received from post service: 404","service":"identity-service","timestamp":"2026-02-21T00:35:18.502Z"}
{"level":"info","message":"API gateway started port 3000","service":"identity-service","timestamp":"2026-02-21T20:22:31.998Z"}
{"level":"info","message":"Identity service started on port http://localhost:3001","service":"identity-service","timestamp":"2026-02-21T20:22:32.001Z"}
{"level":"info","message":"Redis url: redis://localhost:6379","service":"identity-service","timestamp":"2026-02-21T20:22:32.002Z"}
{"level":"info","message":"API gateway started port 3000","service":"identity-service","timestamp":"2026-02-21T20:26:41.551Z"}
{"level":"info","message":"Identity service started on port http://localhost:3001","service":"identity-service","timestamp":"2026-02-21T20:26:41.554Z"}
{"level":"info","message":"Redis url: redis://localhost:6379","service":"identity-service","timestamp":"2026-02-21T20:26:41.555Z"}
{"level":"info","message":"Received a POST request to /v1/auth/login-user","service":"identity-service","timestamp":"2026-02-21T20:28:03.897Z"}
{"level":"info","message":"Request body [object Object]","service":"identity-service","timestamp":"2026-02-21T20:28:03.897Z"}
{"level":"info","message":"Response received from identity service: 200","service":"identity-service","timestamp":"2026-02-21T20:28:04.525Z"}
{"level":"info","message":"Received a POST request to /v1/posts/create-new-post","service":"identity-service","timestamp":"2026-02-21T20:28:44.878Z"}
{"level":"info","message":"Request body undefined","service":"identity-service","timestamp":"2026-02-21T20:28:44.879Z"}
{"level":"warn","message":"Invalid Token","service":"identity-service","timestamp":"2026-02-21T20:28:44.881Z"}
{"level":"info","message":"Received a POST request to /v1/posts/create-new-post","service":"identity-service","timestamp":"2026-02-21T20:29:07.251Z"}
{"level":"info","message":"Request body undefined","service":"identity-service","timestamp":"2026-02-21T20:29:07.252Z"}
{"level":"warn","message":"Invalid Token","service":"identity-service","timestamp":"2026-02-21T20:29:07.253Z"}
{"level":"info","message":"API gateway started port 3000","service":"identity-service","timestamp":"2026-02-21T20:30:12.268Z"}
{"level":"info","message":"Identity service started on port http://localhost:3001","service":"identity-service","timestamp":"2026-02-21T20:30:12.271Z"}
{"level":"info","message":"Redis url: redis://localhost:6379","service":"identity-service","timestamp":"2026-02-21T20:30:12.272Z"}
{"level":"info","message":"Received a POST request to /v1/auth/login-user","service":"identity-service","timestamp":"2026-02-21T20:30:29.085Z"}
{"level":"info","message":"Request body [object Object]","service":"identity-service","timestamp":"2026-02-21T20:30:29.086Z"}
{"level":"info","message":"Response received from identity service: 200","service":"identity-service","timestamp":"2026-02-21T20:30:29.547Z"}
{"level":"info","message":"Received a POST request to /v1/auth/login-user","service":"identity-service","timestamp":"2026-02-21T20:30:40.632Z"}
{"level":"info","message":"Request body [object Object]","service":"identity-service","timestamp":"2026-02-21T20:30:40.632Z"}
{"level":"info","message":"Response received from identity service: 200","service":"identity-service","timestamp":"2026-02-21T20:30:41.073Z"}
{"level":"info","message":"Received a POST request to /v1/posts/create-new-post","service":"identity-service","timestamp":"2026-02-21T20:30:52.390Z"}
{"level":"info","message":"Request body undefined","service":"identity-service","timestamp":"2026-02-21T20:30:52.390Z"}
{"level":"warn","message":"Invalid Token","service":"identity-service","timestamp":"2026-02-21T20:30:52.395Z"}
{"level":"info","message":"Received a POST request to /v1/posts/create-new-post","service":"identity-service","timestamp":"2026-02-21T20:30:54.228Z"}
{"level":"info","message":"Request body undefined","service":"identity-service","timestamp":"2026-02-21T20:30:54.228Z"}
{"level":"warn","message":"Invalid Token","service":"identity-service","timestamp":"2026-02-21T20:30:54.229Z"}
{"level":"info","message":"API gateway started port 3000","service":"identity-service","timestamp":"2026-02-21T20:31:51.854Z"}
{"level":"info","message":"Identity service started on port http://localhost:3001","service":"identity-service","timestamp":"2026-02-21T20:31:51.857Z"}
{"level":"info","message":"Redis url: redis://localhost:6379","service":"identity-service","timestamp":"2026-02-21T20:31:51.858Z"}
{"level":"info","message":"Received a POST request to /v1/posts/create-new-post","service":"identity-service","timestamp":"2026-02-21T20:34:34.412Z"}
{"level":"info","message":"Request body undefined","service":"identity-service","timestamp":"2026-02-21T20:34:34.413Z"}
{"level":"warn","message":"Invalid Token","service":"identity-service","timestamp":"2026-02-21T20:34:34.417Z"}
{"level":"info","message":"API gateway started port 3000","service":"identity-service","timestamp":"2026-02-21T20:35:38.684Z"}
{"level":"info","message":"Identity service started on port http://localhost:3001","service":"identity-service","timestamp":"2026-02-21T20:35:38.687Z"}
{"level":"info","message":"Redis url: redis://localhost:6379","service":"identity-service","timestamp":"2026-02-21T20:35:38.687Z"}
{"level":"info","message":"Received a POST request to /v1/posts/create-new-post","service":"identity-service","timestamp":"2026-02-21T20:35:42.703Z"}
{"level":"info","message":"Request body undefined","service":"identity-service","timestamp":"2026-02-21T20:35:42.704Z"}
{"level":"info","message":"Response received from post service: 404","service":"identity-service","timestamp":"2026-02-21T20:35:42.720Z"}
{"level":"info","message":"API gateway started port 3000","service":"identity-service","timestamp":"2026-02-21T20:36:34.280Z"}
{"level":"info","message":"Identity service started on port http://localhost:3001","service":"identity-service","timestamp":"2026-02-21T20:36:34.283Z"}
{"level":"info","message":"Redis url: redis://localhost:6379","service":"identity-service","timestamp":"2026-02-21T20:36:34.284Z"}
{"level":"info","message":"Received a POST request to /v1/posts/create-new-post","service":"identity-service","timestamp":"2026-02-21T20:38:00.526Z"}
{"level":"info","message":"Request body undefined","service":"identity-service","timestamp":"2026-02-21T20:38:00.527Z"}
{"level":"info","message":"Response received from post service: 404","service":"identity-service","timestamp":"2026-02-21T20:38:00.543Z"}
{"level":"info","message":"Received a POST request to /v1/posts/create-new-post","service":"identity-service","timestamp":"2026-02-21T20:44:26.938Z"}
{"level":"info","message":"Request body undefined","service":"identity-service","timestamp":"2026-02-21T20:44:26.939Z"}
{"level":"info","message":"Response received from post service: 404","service":"identity-service","timestamp":"2026-02-21T20:44:26.945Z"}
{"level":"info","message":"Received a POST request to /v1/posts/create-new-post","service":"identity-service","timestamp":"2026-02-21T20:44:28.767Z"}
{"level":"info","message":"Request body undefined","service":"identity-service","timestamp":"2026-02-21T20:44:28.768Z"}
{"level":"info","message":"Response received from post service: 404","service":"identity-service","timestamp":"2026-02-21T20:44:28.773Z"}
{"level":"info","message":"API gateway started port 3000","service":"identity-service","timestamp":"2026-02-21T20:44:51.768Z"}
{"level":"info","message":"Identity service started on port http://localhost:3001","service":"identity-service","timestamp":"2026-02-21T20:44:51.772Z"}
{"level":"info","message":"Redis url: redis://localhost:6379","service":"identity-service","timestamp":"2026-02-21T20:44:51.772Z"}
{"level":"info","message":"Received a POST request to /v1/posts/create-new-post","service":"identity-service","timestamp":"2026-02-21T20:46:12.233Z"}
{"level":"info","message":"Request body undefined","service":"identity-service","timestamp":"2026-02-21T20:46:12.234Z"}
{"level":"warn","message":"Access attempt without valid token!","service":"identity-service","timestamp":"2026-02-21T20:46:12.234Z"}
{"level":"info","message":"Received a POST request to /v1/posts/create-new-post","service":"identity-service","timestamp":"2026-02-21T20:46:17.031Z"}
{"level":"info","message":"Request body undefined","service":"identity-service","timestamp":"2026-02-21T20:46:17.032Z"}
{"level":"error","message":"Proxy error: socket hang up","service":"identity-service","timestamp":"2026-02-21T20:46:24.948Z"}
{"level":"info","message":"Received a POST request to /v1/posts/create-new-post","service":"identity-service","timestamp":"2026-02-21T20:54:26.128Z"}
{"level":"info","message":"Request body undefined","service":"identity-service","timestamp":"2026-02-21T20:54:26.128Z"}
{"level":"error","message":"Proxy error: read ECONNRESET","service":"identity-service","timestamp":"2026-02-21T20:54:33.780Z"}
{"level":"info","message":"Received a POST request to /v1/posts/create-new-post","service":"identity-service","timestamp":"2026-02-21T20:54:42.727Z"}
{"level":"info","message":"Request body undefined","service":"identity-service","timestamp":"2026-02-21T20:54:42.727Z"}
{"level":"error","message":"Proxy error: read ECONNRESET","service":"identity-service","timestamp":"2026-02-21T20:55:27.700Z"}
{"level":"info","message":"Received a POST request to /v1/posts/create-new-post","service":"identity-service","timestamp":"2026-02-21T20:56:16.620Z"}
{"level":"info","message":"Request body undefined","service":"identity-service","timestamp":"2026-02-21T20:56:16.620Z"}
{"level":"error","message":"Proxy error: read ECONNRESET","service":"identity-service","timestamp":"2026-02-21T20:56:34.436Z"}
{"level":"info","message":"Received a POST request to /v1/posts/create-new-post","service":"identity-service","timestamp":"2026-02-21T20:56:47.729Z"}
{"level":"info","message":"Request body undefined","service":"identity-service","timestamp":"2026-02-21T20:56:47.729Z"}
{"level":"error","message":"Proxy error: read ECONNRESET","service":"identity-service","timestamp":"2026-02-21T20:57:02.423Z"}
{"level":"info","message":"Received a POST request to /v1/posts/create-new-post","service":"identity-service","timestamp":"2026-02-21T20:57:52.291Z"}
{"level":"info","message":"Request body undefined","service":"identity-service","timestamp":"2026-02-21T20:57:52.291Z"}
{"level":"error","message":"Proxy error: socket hang up","service":"identity-service","timestamp":"2026-02-21T20:58:05.835Z"}
{"level":"info","message":"Received a POST request to /v1/posts/create-new-post","service":"identity-service","timestamp":"2026-02-21T20:58:21.324Z"}
{"level":"info","message":"Request body undefined","service":"identity-service","timestamp":"2026-02-21T20:58:21.325Z"}
{"level":"error","message":"Proxy error: read ECONNRESET","service":"identity-service","timestamp":"2026-02-21T20:58:45.061Z"}
{"level":"info","message":"Received a POST request to /v1/posts/create-new-post","service":"identity-service","timestamp":"2026-02-21T20:59:00.613Z"}
{"level":"info","message":"Request body undefined","service":"identity-service","timestamp":"2026-02-21T20:59:00.613Z"}
{"level":"error","message":"Proxy error: socket hang up","service":"identity-service","timestamp":"2026-02-21T20:59:04.525Z"}
{"level":"info","message":"Received a POST request to /v1/posts/create-new-post","service":"identity-service","timestamp":"2026-02-21T20:59:08.115Z"}
{"level":"info","message":"Request body undefined","service":"identity-service","timestamp":"2026-02-21T20:59:08.115Z"}
{"level":"error","message":"Proxy error: socket hang up","service":"identity-service","timestamp":"2026-02-21T20:59:13.642Z"}
{"level":"info","message":"Received a POST request to /v1/posts/create-new-post","service":"identity-service","timestamp":"2026-02-21T21:00:18.467Z"}
{"level":"info","message":"Request body undefined","service":"identity-service","timestamp":"2026-02-21T21:00:18.467Z"}
{"level":"error","message":"Proxy error: socket hang up","service":"identity-service","timestamp":"2026-02-21T21:00:22.384Z"}
{"level":"info","message":"Received a POST request to /v1/posts/create-new-post","service":"identity-service","timestamp":"2026-02-21T21:01:04.265Z"}
{"level":"info","message":"Request body undefined","service":"identity-service","timestamp":"2026-02-21T21:01:04.265Z"}
{"level":"error","message":"Proxy error: socket hang up","service":"identity-service","timestamp":"2026-02-21T21:01:07.714Z"}
{"level":"info","message":"Received a POST request to /v1/posts/create-new-post","service":"identity-service","timestamp":"2026-02-21T21:01:16.080Z"}
{"level":"info","message":"Request body undefined","service":"identity-service","timestamp":"2026-02-21T21:01:16.080Z"}
{"level":"error","message":"Proxy error: socket hang up","service":"identity-service","timestamp":"2026-02-21T21:01:17.207Z"}
{"level":"info","message":"Received a POST request to /v1/posts/create-new-post","service":"identity-service","timestamp":"2026-02-21T21:01:28.051Z"}
{"level":"info","message":"Request body undefined","service":"identity-service","timestamp":"2026-02-21T21:01:28.052Z"}
{"level":"error","message":"Proxy error: socket hang up","service":"identity-service","timestamp":"2026-02-21T21:01:32.007Z"}
{"level":"info","message":"Received a POST request to /v1/posts/create-new-post","service":"identity-service","timestamp":"2026-02-21T21:01:55.365Z"}
{"level":"info","message":"Request body undefined","service":"identity-service","timestamp":"2026-02-21T21:01:55.365Z"}
{"level":"error","message":"Proxy error: socket hang up","service":"identity-service","timestamp":"2026-02-21T21:01:57.477Z"}
{"level":"info","message":"Received a POST request to /v1/posts/create-new-post","service":"identity-service","timestamp":"2026-02-21T21:02:09.841Z"}
{"level":"info","message":"Request body undefined","service":"identity-service","timestamp":"2026-02-21T21:02:09.842Z"}
{"level":"error","message":"Proxy error: socket hang up","service":"identity-service","timestamp":"2026-02-21T21:02:11.995Z"}
{"level":"info","message":"Received a POST request to /v1/posts/create-new-post","service":"identity-service","timestamp":"2026-02-21T21:02:34.090Z"}
{"level":"info","message":"Request body undefined","service":"identity-service","timestamp":"2026-02-21T21:02:34.090Z"}
{"level":"error","message":"Proxy error: socket hang up","service":"identity-service","timestamp":"2026-02-21T21:02:35.930Z"}
{"level":"info","message":"Received a POST request to /v1/posts/create-new-post","service":"identity-service","timestamp":"2026-02-21T21:03:11.598Z"}
{"level":"info","message":"Request body undefined","service":"identity-service","timestamp":"2026-02-21T21:03:11.599Z"}
{"level":"info","message":"Response received from post service: 500","service":"identity-service","timestamp":"2026-02-21T21:03:11.623Z"}
{"level":"info","message":"Received a POST request to /v1/posts/create-new-post","service":"identity-service","timestamp":"2026-02-21T21:04:07.726Z"}
{"level":"info","message":"Request body undefined","service":"identity-service","timestamp":"2026-02-21T21:04:07.727Z"}
{"level":"info","message":"Response received from post service: 500","service":"identity-service","timestamp":"2026-02-21T21:04:07.753Z"}
{"level":"info","message":"Received a POST request to /v1/posts/create-new-post","service":"identity-service","timestamp":"2026-02-21T21:05:07.087Z"}
{"level":"info","message":"Request body undefined","service":"identity-service","timestamp":"2026-02-21T21:05:07.088Z"}
{"level":"info","message":"Response received from post service: 500","service":"identity-service","timestamp":"2026-02-21T21:05:07.124Z"}
{"level":"info","message":"Received a POST request to /v1/posts/create-new-post","service":"identity-service","timestamp":"2026-02-21T21:05:44.743Z"}
{"level":"info","message":"Request body undefined","service":"identity-service","timestamp":"2026-02-21T21:05:44.744Z"}
{"level":"info","message":"Response received from post service: 400","service":"identity-service","timestamp":"2026-02-21T21:05:44.749Z"}
{"level":"info","message":"Received a POST request to /v1/posts/create-new-post","service":"identity-service","timestamp":"2026-02-21T21:06:07.825Z"}
{"level":"info","message":"Request body undefined","service":"identity-service","timestamp":"2026-02-21T21:06:07.826Z"}
{"level":"info","message":"Response received from post service: 201","service":"identity-service","timestamp":"2026-02-21T21:06:08.093Z"}
{"level":"info","message":"Received a POST request to /v1/posts/create-new-post","service":"identity-service","timestamp":"2026-02-21T21:06:29.687Z"}
{"level":"info","message":"Request body undefined","service":"identity-service","timestamp":"2026-02-21T21:06:29.688Z"}
{"level":"info","message":"Response received from post service: 400","service":"identity-service","timestamp":"2026-02-21T21:06:29.694Z"}
{"level":"info","message":"Received a POST request to /v1/posts/create-new-post","service":"identity-service","timestamp":"2026-02-21T21:06:36.040Z"}
{"level":"info","message":"Request body undefined","service":"identity-service","timestamp":"2026-02-21T21:06:36.040Z"}
{"level":"info","message":"Response received from post service: 201","service":"identity-service","timestamp":"2026-02-21T21:06:36.205Z"}
{"level":"info","message":"API gateway started port 3000","service":"identity-service","timestamp":"2026-02-21T21:28:22.784Z"}
{"level":"info","message":"Identity service started on port http://localhost:3001","service":"identity-service","timestamp":"2026-02-21T21:28:22.791Z"}
{"level":"info","message":"Redis url: redis://localhost:6379","service":"identity-service","timestamp":"2026-02-21T21:28:22.793Z"}
