{"level":"info","message":"Post service running on port: 3002","service":"identity-service","timestamp":"2026-02-20T21:10:35.810Z"}
{"level":"info","message":"some error occurred while connecting to mongo db","service":"identity-service","timestamp":"2026-02-20T21:11:31.133Z"}
{"level":"info","message":"Post service running on port: 3002","service":"identity-service","timestamp":"2026-02-20T22:35:39.930Z"}
{"0":"r","1":"e","2":"a","3":"s","4":"o","5":"n","code":"ETIMEOUT","hostname":"_mongodb._tcp.managercluster.jms1hbd.mongodb.net","level":"error","message":"Unhandled rejection at","service":"identity-service","syscall":"querySrv","timestamp":"2026-02-20T22:36:22.267Z"}
{"level":"info","message":"Post service running on port: 3002","service":"identity-service","timestamp":"2026-02-20T22:38:16.486Z"}
{"0":"r","1":"e","2":"a","3":"s","4":"o","5":"n","code":"ETIMEOUT","hostname":"_mongodb._tcp.managercluster.jms1hbd.mongodb.net","level":"error","message":"Unhandled rejection at","service":"identity-service","syscall":"querySrv","timestamp":"2026-02-20T22:39:08.841Z"}
{"level":"info","message":"Post service running on port: 3002","service":"identity-service","timestamp":"2026-02-21T00:09:00.593Z"}
{"code":"ETIMEOUT","hostname":"_mongodb._tcp.mekincluster.mb7wx6j.mongodb.net","level":"error","message":"Some error occurred querySrv ETIMEOUT _mongodb._tcp.mekincluster.mb7wx6j.mongodb.net","service":"identity-service","stack":"Error: querySrv ETIMEOUT _mongodb._tcp.mekincluster.mb7wx6j.mongodb.net\n    at QueryReqWrap.onresolve [as oncomplete] (node:internal/dns/promises:294:17)","syscall":"querySrv","timestamp":"2026-02-21T00:09:47.970Z"}
{"level":"info","message":"Post service running on port: 3002","service":"identity-service","timestamp":"2026-02-21T00:11:41.295Z"}
{"level":"info","message":"Post service running on port: 3002","service":"identity-service","timestamp":"2026-02-21T00:38:00.163Z"}
{"level":"info","message":"Received a POST request to /api/posts/create-new-post","service":"identity-service","timestamp":"2026-02-21T00:38:24.640Z"}
{"level":"info","message":"Request body undefined","service":"identity-service","timestamp":"2026-02-21T00:38:24.641Z"}
{"level":"warn","message":"Access attempted without user Id","service":"identity-service","timestamp":"2026-02-21T00:38:24.643Z"}
{"level":"info","message":"Received a POST request to /api/posts/create-new-post","service":"identity-service","timestamp":"2026-02-21T00:38:47.345Z"}
{"level":"info","message":"Request body undefined","service":"identity-service","timestamp":"2026-02-21T00:38:47.365Z"}
{"level":"warn","message":"Access attempted without user Id","service":"identity-service","timestamp":"2026-02-21T00:38:47.367Z"}
{"level":"info","message":"Received a POST request to /api/posts/create-new-post","service":"identity-service","timestamp":"2026-02-21T00:38:50.123Z"}
{"level":"info","message":"Request body undefined","service":"identity-service","timestamp":"2026-02-21T00:38:50.125Z"}
{"level":"warn","message":"Access attempted without user Id","service":"identity-service","timestamp":"2026-02-21T00:38:50.126Z"}
{"level":"info","message":"Post service running on port: 3002","service":"identity-service","timestamp":"2026-02-21T20:27:30.198Z"}
{"level":"info","message":"Received a POST request to /api/posts/create-new-post","service":"identity-service","timestamp":"2026-02-21T20:27:52.655Z"}
{"level":"info","message":"Request body undefined","service":"identity-service","timestamp":"2026-02-21T20:27:52.657Z"}
{"level":"warn","message":"Access attempted without user Id","service":"identity-service","timestamp":"2026-02-21T20:27:52.658Z"}
{"level":"info","message":"Received a POST request to /api/posts/create-new-post","service":"identity-service","timestamp":"2026-02-21T20:28:16.117Z"}
{"level":"info","message":"Request body undefined","service":"identity-service","timestamp":"2026-02-21T20:28:16.118Z"}
{"level":"warn","message":"Access attempted without user Id","service":"identity-service","timestamp":"2026-02-21T20:28:16.118Z"}
{"level":"info","message":"Received a POST request to /api/posts/create-new-post","service":"identity-service","timestamp":"2026-02-21T20:28:18.323Z"}
{"level":"info","message":"Request body undefined","service":"identity-service","timestamp":"2026-02-21T20:28:18.323Z"}
{"level":"warn","message":"Access attempted without user Id","service":"identity-service","timestamp":"2026-02-21T20:28:18.324Z"}
{"level":"info","message":"Post service running on port: 3002","service":"identity-service","timestamp":"2026-02-21T20:37:01.021Z"}
{"level":"info","message":"Received a GET request to /api/posts/create-new-post","service":"identity-service","timestamp":"2026-02-21T20:39:13.077Z"}
{"level":"info","message":"Request body undefined","service":"identity-service","timestamp":"2026-02-21T20:39:13.078Z"}
{"level":"warn","message":"Access attempted without user Id","service":"identity-service","timestamp":"2026-02-21T20:39:13.079Z"}
{"level":"info","message":"Received a GET request to /api/posts/create-new-post","service":"identity-service","timestamp":"2026-02-21T20:39:41.384Z"}
{"level":"info","message":"Request body undefined","service":"identity-service","timestamp":"2026-02-21T20:39:41.384Z"}
{"level":"warn","message":"Access attempted without user Id","service":"identity-service","timestamp":"2026-02-21T20:39:41.385Z"}
{"level":"info","message":"Received a GET request to /api/posts/create-new-post","service":"identity-service","timestamp":"2026-02-21T20:39:43.278Z"}
{"level":"info","message":"Request body undefined","service":"identity-service","timestamp":"2026-02-21T20:39:43.278Z"}
{"level":"warn","message":"Access attempted without user Id","service":"identity-service","timestamp":"2026-02-21T20:39:43.279Z"}
{"level":"info","message":"Post service running on port: 3002","service":"identity-service","timestamp":"2026-02-21T20:41:59.563Z"}
{"level":"info","message":"Post service running on port: 3002","service":"identity-service","timestamp":"2026-02-21T20:43:33.662Z"}
{"level":"info","message":"Post service running on port: 3002","service":"identity-service","timestamp":"2026-02-21T20:54:39.223Z"}
{"level":"info","message":"Post service running on port: 3002","service":"identity-service","timestamp":"2026-02-21T20:55:35.194Z"}
{"level":"info","message":"Post service running on port: 3002","service":"identity-service","timestamp":"2026-02-21T20:55:59.276Z"}
{"level":"info","message":"Post service running on port: 3002","service":"identity-service","timestamp":"2026-02-21T20:56:35.418Z"}
{"level":"info","message":"Post service running on port: 3002","service":"identity-service","timestamp":"2026-02-21T20:57:03.149Z"}
{"level":"info","message":"Post service running on port: 3002","service":"identity-service","timestamp":"2026-02-21T20:57:35.241Z"}
{"level":"info","message":"Post service running on port: 3002","service":"identity-service","timestamp":"2026-02-21T20:57:45.853Z"}
{"level":"info","message":"Post service running on port: 3002","service":"identity-service","timestamp":"2026-02-21T20:58:46.235Z"}
{"level":"info","message":"Post service running on port: 3002","service":"identity-service","timestamp":"2026-02-21T21:00:04.539Z"}
{"level":"info","message":"Post service running on port: 3002","service":"identity-service","timestamp":"2026-02-21T21:00:29.574Z"}
{"level":"info","message":"Post service running on port: 3002","service":"identity-service","timestamp":"2026-02-21T21:00:37.891Z"}
{"level":"info","message":"Post service running on port: 3002","service":"identity-service","timestamp":"2026-02-21T21:00:58.939Z"}
{"level":"info","message":"Post service running on port: 3002","service":"identity-service","timestamp":"2026-02-21T21:01:12.754Z"}
{"level":"info","message":"Post service running on port: 3002","service":"identity-service","timestamp":"2026-02-21T21:01:24.893Z"}
{"level":"info","message":"Post service running on port: 3002","service":"identity-service","timestamp":"2026-02-21T21:01:52.174Z"}
{"level":"info","message":"Post service running on port: 3002","service":"identity-service","timestamp":"2026-02-21T21:02:05.371Z"}
{"level":"info","message":"Received a POST request to /api/posts/create-new-post","service":"identity-service","timestamp":"2026-02-21T21:02:09.861Z"}
{"level":"info","message":"Request body [object Object]","service":"identity-service","timestamp":"2026-02-21T21:02:09.862Z"}
{"level":"info","message":"Post service running on port: 3002","service":"identity-service","timestamp":"2026-02-21T21:02:18.087Z"}
{"level":"info","message":"Post service running on port: 3002","service":"identity-service","timestamp":"2026-02-21T21:02:25.755Z"}
{"level":"info","message":"Post service running on port: 3002","service":"identity-service","timestamp":"2026-02-21T21:02:29.232Z"}
{"level":"info","message":"Received a POST request to /api/posts/create-new-post","service":"identity-service","timestamp":"2026-02-21T21:02:34.106Z"}
{"level":"info","message":"Request body [object Object]","service":"identity-service","timestamp":"2026-02-21T21:02:34.107Z"}
{"level":"info","message":"Post service running on port: 3002","service":"identity-service","timestamp":"2026-02-21T21:02:48.228Z"}
{"level":"info","message":"Post service running on port: 3002","service":"identity-service","timestamp":"2026-02-21T21:02:57.543Z"}
{"level":"info","message":"Post service running on port: 3002","service":"identity-service","timestamp":"2026-02-21T21:03:07.526Z"}
{"level":"info","message":"Received a POST request to /api/posts/create-new-post","service":"identity-service","timestamp":"2026-02-21T21:03:11.617Z"}
{"level":"info","message":"Request body [object Object]","service":"identity-service","timestamp":"2026-02-21T21:03:11.617Z"}
{"level":"error","message":"Some error occurred while creating a post","service":"identity-service","timestamp":"2026-02-21T21:03:11.618Z"}
{"level":"info","message":"Post service running on port: 3002","service":"identity-service","timestamp":"2026-02-21T21:03:28.320Z"}
{"level":"info","message":"Post service running on port: 3002","service":"identity-service","timestamp":"2026-02-21T21:04:04.499Z"}
{"level":"info","message":"Received a POST request to /api/posts/create-new-post","service":"identity-service","timestamp":"2026-02-21T21:04:07.746Z"}
{"level":"info","message":"Request body [object Object]","service":"identity-service","timestamp":"2026-02-21T21:04:07.747Z"}
{"level":"error","message":"Some error occurred while creating a post","service":"identity-service","timestamp":"2026-02-21T21:04:07.749Z"}
{"level":"info","message":"Post service running on port: 3002","service":"identity-service","timestamp":"2026-02-21T21:04:58.183Z"}
{"level":"info","message":"Received a POST request to /api/posts/create-new-post","service":"identity-service","timestamp":"2026-02-21T21:05:07.107Z"}
{"level":"info","message":"Request body [object Object]","service":"identity-service","timestamp":"2026-02-21T21:05:07.108Z"}
{"level":"error","message":"Some error occurred while creating a post","service":"identity-service","timestamp":"2026-02-21T21:05:07.121Z"}
{"level":"info","message":"Received a POST request to /api/posts/create-new-post","service":"identity-service","timestamp":"2026-02-21T21:05:44.746Z"}
{"level":"info","message":"Request body [object Object]","service":"identity-service","timestamp":"2026-02-21T21:05:44.747Z"}
{"level":"info","message":"Post service running on port: 3002","service":"identity-service","timestamp":"2026-02-21T21:05:59.144Z"}
{"level":"info","message":"Received a POST request to /api/posts/create-new-post","service":"identity-service","timestamp":"2026-02-21T21:06:07.842Z"}
{"level":"info","message":"Request body [object Object]","service":"identity-service","timestamp":"2026-02-21T21:06:07.843Z"}
{"level":"info","message":"Received a POST request to /api/posts/create-new-post","service":"identity-service","timestamp":"2026-02-21T21:06:29.691Z"}
{"level":"info","message":"Request body [object Object]","service":"identity-service","timestamp":"2026-02-21T21:06:29.691Z"}
{"level":"info","message":"Received a POST request to /api/posts/create-new-post","service":"identity-service","timestamp":"2026-02-21T21:06:36.043Z"}
{"level":"info","message":"Request body [object Object]","service":"identity-service","timestamp":"2026-02-21T21:06:36.043Z"}
{"level":"info","message":"Post service running on port: 3002","service":"identity-service","timestamp":"2026-02-21T21:27:52.165Z"}
{"code":"ECONNREFUSED","hostname":"_mongodb._tcp.managercluster.jms1hbd.mongodb.net","level":"error","message":"Some error occurred querySrv ECONNREFUSED _mongodb._tcp.managercluster.jms1hbd.mongodb.net","service":"identity-service","stack":"Error: querySrv ECONNREFUSED _mongodb._tcp.managercluster.jms1hbd.mongodb.net\n    at QueryReqWrap.onresolve [as oncomplete] (node:internal/dns/promises:294:17)","syscall":"querySrv","timestamp":"2026-02-21T21:27:52.179Z"}
{"level":"info","message":"Post service running on port: 3002","service":"identity-service","timestamp":"2026-02-21T21:28:23.757Z"}
{"code":"ECONNREFUSED","hostname":"_mongodb._tcp.managercluster.jms1hbd.mongodb.net","level":"error","message":"Some error occurred querySrv ECONNREFUSED _mongodb._tcp.managercluster.jms1hbd.mongodb.net","service":"identity-service","stack":"Error: querySrv ECONNREFUSED _mongodb._tcp.managercluster.jms1hbd.mongodb.net\n    at QueryReqWrap.onresolve [as oncomplete] (node:internal/dns/promises:294:17)","syscall":"querySrv","timestamp":"2026-02-21T21:28:23.770Z"}
{"level":"info","message":"Post service running on port: 3002","service":"identity-service","timestamp":"2026-02-22T18:23:13.595Z"}
{"level":"info","message":"Post service running on port: 3002","service":"identity-service","timestamp":"2026-02-22T18:24:24.988Z"}
{"level":"info","message":"Post service running on port: 3002","service":"identity-service","timestamp":"2026-02-22T18:24:38.410Z"}
{"level":"info","message":"Received a GET request to /api/posts/get-all-posts","service":"identity-service","timestamp":"2026-02-22T18:26:15.052Z"}
{"level":"info","message":"Request body [object Object]","service":"identity-service","timestamp":"2026-02-22T18:26:15.054Z"}
{"level":"error","message":"Some error occurred while creating a post","service":"identity-service","timestamp":"2026-02-22T18:26:15.383Z"}
{"level":"info","message":"Post service running on port: 3002","service":"identity-service","timestamp":"2026-02-22T18:27:03.094Z"}
{"level":"info","message":"Post service running on port: 3002","service":"identity-service","timestamp":"2026-02-22T18:27:35.508Z"}
{"level":"info","message":"Received a GET request to /api/posts/get-all-posts","service":"identity-service","timestamp":"2026-02-22T18:27:40.378Z"}
{"level":"info","message":"Request body [object Object]","service":"identity-service","timestamp":"2026-02-22T18:27:40.380Z"}
{"level":"error","message":"Some error occurred while getting all posts","service":"identity-service","timestamp":"2026-02-22T18:27:40.880Z"}
{"level":"info","message":"Post service running on port: 3002","service":"identity-service","timestamp":"2026-02-22T18:28:37.118Z"}
{"level":"info","message":"Post service running on port: 3002","service":"identity-service","timestamp":"2026-02-22T18:29:31.659Z"}
{"level":"info","message":"Received a GET request to /api/posts/get-all-posts","service":"identity-service","timestamp":"2026-02-22T18:29:34.747Z"}
{"level":"info","message":"Request body [object Object]","service":"identity-service","timestamp":"2026-02-22T18:29:34.750Z"}
{"level":"error","message":"Some error occurred while getting all posts","service":"identity-service","timestamp":"2026-02-22T18:29:36.012Z"}
{"level":"info","message":"Received a GET request to /api/posts/get-all-posts","service":"identity-service","timestamp":"2026-02-22T18:29:38.604Z"}
{"level":"info","message":"Request body [object Object]","service":"identity-service","timestamp":"2026-02-22T18:29:38.606Z"}
{"level":"error","message":"Some error occurred while getting all posts","service":"identity-service","timestamp":"2026-02-22T18:29:38.921Z"}
{"level":"info","message":"Received a POST request to /api/posts/create-new-post","service":"identity-service","timestamp":"2026-02-22T18:30:22.259Z"}
{"level":"info","message":"Request body [object Object]","service":"identity-service","timestamp":"2026-02-22T18:30:22.261Z"}
{"level":"info","message":"Post service running on port: 3002","service":"identity-service","timestamp":"2026-02-22T18:30:39.796Z"}
{"level":"info","message":"Received a GET request to /api/posts/get-all-posts","service":"identity-service","timestamp":"2026-02-22T18:31:08.814Z"}
{"level":"info","message":"Request body [object Object]","service":"identity-service","timestamp":"2026-02-22T18:31:08.816Z"}
{"level":"error","message":"Some error occurred while getting all posts","service":"identity-service","timestamp":"2026-02-22T18:31:09.148Z"}
{"level":"info","message":"Post service running on port: 3002","service":"identity-service","timestamp":"2026-02-22T18:32:00.599Z"}
{"level":"info","message":"Received a GET request to /api/posts/get-all-posts","service":"identity-service","timestamp":"2026-02-22T18:32:03.757Z"}
{"level":"info","message":"Request body [object Object]","service":"identity-service","timestamp":"2026-02-22T18:32:03.759Z"}
{"level":"error","message":"Some error occurred while getting all posts","service":"identity-service","timestamp":"2026-02-22T18:32:06.734Z"}
{"level":"info","message":"Post service running on port: 3002","service":"identity-service","timestamp":"2026-02-22T18:33:38.283Z"}
{"level":"info","message":"Received a GET request to /api/posts/get-all-posts","service":"identity-service","timestamp":"2026-02-22T18:33:41.457Z"}
{"level":"info","message":"Request body [object Object]","service":"identity-service","timestamp":"2026-02-22T18:33:41.458Z"}
{"level":"error","message":"Some error occurred while getting all posts","service":"identity-service","timestamp":"2026-02-22T18:33:43.575Z"}
{"level":"info","message":"Post service running on port: 3002","service":"identity-service","timestamp":"2026-02-22T18:33:57.930Z"}
{"level":"info","message":"Post service running on port: 3002","service":"identity-service","timestamp":"2026-02-22T18:35:02.490Z"}
{"level":"info","message":"Post service running on port: 3002","service":"identity-service","timestamp":"2026-02-22T18:35:14.666Z"}
{"level":"info","message":"Received a GET request to /api/posts/get-all-posts","service":"identity-service","timestamp":"2026-02-22T18:35:20.436Z"}
{"level":"info","message":"Request body [object Object]","service":"identity-service","timestamp":"2026-02-22T18:35:20.438Z"}
{"level":"info","message":"Post service running on port: 3002","service":"identity-service","timestamp":"2026-02-22T18:35:53.595Z"}
{"level":"info","message":"Post service running on port: 3002","service":"identity-service","timestamp":"2026-02-22T18:35:55.531Z"}
{"level":"info","message":"Received a GET request to /api/posts/get-all-posts","service":"identity-service","timestamp":"2026-02-22T18:36:11.130Z"}
{"level":"info","message":"Request body [object Object]","service":"identity-service","timestamp":"2026-02-22T18:36:11.132Z"}
{"level":"info","message":"Received a GET request to /api/posts/get-all-posts","service":"identity-service","timestamp":"2026-02-22T18:36:22.401Z"}
{"level":"info","message":"Request body [object Object]","service":"identity-service","timestamp":"2026-02-22T18:36:22.402Z"}
{"level":"info","message":"Post service running on port: 3002","service":"identity-service","timestamp":"2026-02-22T18:36:50.263Z"}
{"level":"info","message":"Received a GET request to /api/posts/get-all-posts","service":"identity-service","timestamp":"2026-02-22T18:36:59.244Z"}
{"level":"info","message":"Request body [object Object]","service":"identity-service","timestamp":"2026-02-22T18:36:59.246Z"}
{"level":"info","message":"Post service running on port: 3002","service":"identity-service","timestamp":"2026-02-22T18:37:53.443Z"}
{"level":"info","message":"Received a GET request to /api/posts/get-all-posts","service":"identity-service","timestamp":"2026-02-22T18:38:00.251Z"}
{"level":"info","message":"Request body [object Object]","service":"identity-service","timestamp":"2026-02-22T18:38:00.253Z"}
{"level":"info","message":"Post service running on port: 3002","service":"identity-service","timestamp":"2026-02-22T18:38:17.402Z"}
{"level":"info","message":"Post service running on port: 3002","service":"identity-service","timestamp":"2026-02-22T18:38:27.206Z"}
{"level":"info","message":"Post service running on port: 3002","service":"identity-service","timestamp":"2026-02-22T18:38:44.163Z"}
{"level":"info","message":"Received a GET request to /api/posts/get-all-posts","service":"identity-service","timestamp":"2026-02-22T18:38:49.249Z"}
{"level":"info","message":"Request body [object Object]","service":"identity-service","timestamp":"2026-02-22T18:38:49.252Z"}
{"level":"info","message":"Post service running on port: 3002","service":"identity-service","timestamp":"2026-02-22T18:39:09.062Z"}
{"level":"info","message":"Received a GET request to /api/posts/get-all-posts","service":"identity-service","timestamp":"2026-02-22T18:39:19.225Z"}
{"level":"info","message":"Request body [object Object]","service":"identity-service","timestamp":"2026-02-22T18:39:19.227Z"}
{"level":"error","message":"Some error occurred while getting all posts","service":"identity-service","timestamp":"2026-02-22T18:39:19.537Z"}
{"level":"info","message":"Post service running on port: 3002","service":"identity-service","timestamp":"2026-02-22T18:39:41.890Z"}
{"level":"info","message":"Post service running on port: 3002","service":"identity-service","timestamp":"2026-02-22T18:40:22.964Z"}
{"level":"info","message":"Post service running on port: 3002","service":"identity-service","timestamp":"2026-02-22T18:40:33.899Z"}
{"level":"info","message":"Received a GET request to /api/posts/get-all-posts","service":"identity-service","timestamp":"2026-02-22T18:40:37.779Z"}
{"level":"info","message":"Request body [object Object]","service":"identity-service","timestamp":"2026-02-22T18:40:37.820Z"}
{"level":"info","message":"Post service running on port: 3002","service":"identity-service","timestamp":"2026-02-22T18:40:50.743Z"}
{"level":"info","message":"Received a GET request to /api/posts/get-all-posts","service":"identity-service","timestamp":"2026-02-22T18:40:58.525Z"}
{"level":"info","message":"Request body [object Object]","service":"identity-service","timestamp":"2026-02-22T18:40:58.527Z"}
{"level":"info","message":"Received a GET request to /api/posts/get-all-posts","service":"identity-service","timestamp":"2026-02-22T18:41:02.770Z"}
{"level":"info","message":"Request body [object Object]","service":"identity-service","timestamp":"2026-02-22T18:41:02.771Z"}
{"level":"info","message":"Received a GET request to /api/posts/get-all-posts","service":"identity-service","timestamp":"2026-02-22T18:41:11.489Z"}
{"level":"info","message":"Request body [object Object]","service":"identity-service","timestamp":"2026-02-22T18:41:11.490Z"}
{"level":"info","message":"Received a GET request to /api/posts/get-all-posts","service":"identity-service","timestamp":"2026-02-22T18:41:13.358Z"}
{"level":"info","message":"Request body [object Object]","service":"identity-service","timestamp":"2026-02-22T18:41:13.360Z"}
{"level":"info","message":"Received a GET request to /api/posts/get-all-posts","service":"identity-service","timestamp":"2026-02-22T18:41:14.829Z"}
{"level":"info","message":"Request body [object Object]","service":"identity-service","timestamp":"2026-02-22T18:41:14.830Z"}
{"level":"info","message":"Received a GET request to /api/posts/get-all-posts","service":"identity-service","timestamp":"2026-02-22T18:41:16.539Z"}
{"level":"info","message":"Request body [object Object]","service":"identity-service","timestamp":"2026-02-22T18:41:16.540Z"}
{"level":"info","message":"Post service running on port: 3002","service":"identity-service","timestamp":"2026-02-22T18:49:11.720Z"}
{"level":"info","message":"Post service running on port: 3002","service":"identity-service","timestamp":"2026-02-22T18:49:53.378Z"}
{"level":"info","message":"Post service running on port: 3002","service":"identity-service","timestamp":"2026-02-22T18:50:27.023Z"}
{"level":"info","message":"Post service running on port: 3002","service":"identity-service","timestamp":"2026-02-22T18:50:50.719Z"}
{"level":"info","message":"Received a GET request to /api/posts/get-all-posts","service":"identity-service","timestamp":"2026-02-22T18:51:01.392Z"}
{"level":"info","message":"Request body [object Object]","service":"identity-service","timestamp":"2026-02-22T18:51:01.395Z"}
{"level":"info","message":"Received a GET request to /api/posts/get-all-posts","service":"identity-service","timestamp":"2026-02-22T18:51:20.477Z"}
{"level":"info","message":"Request body [object Object]","service":"identity-service","timestamp":"2026-02-22T18:51:20.478Z"}
{"level":"info","message":"Received a GET request to /api/posts/get-all-posts","service":"identity-service","timestamp":"2026-02-22T18:51:23.407Z"}
{"level":"info","message":"Request body [object Object]","service":"identity-service","timestamp":"2026-02-22T18:51:23.408Z"}
{"level":"info","message":"Received a POST request to /api/posts/create-new-post","service":"identity-service","timestamp":"2026-02-22T18:53:40.524Z"}
{"level":"info","message":"Request body [object Object]","service":"identity-service","timestamp":"2026-02-22T18:53:40.525Z"}
{"level":"info","message":"Received a GET request to /api/posts/get-all-posts","service":"identity-service","timestamp":"2026-02-22T18:53:51.180Z"}
{"level":"info","message":"Request body [object Object]","service":"identity-service","timestamp":"2026-02-22T18:53:51.181Z"}
{"level":"info","message":"Post service running on port: 3002","service":"identity-service","timestamp":"2026-02-22T18:54:25.531Z"}
{"level":"info","message":"Received a POST request to /api/posts/create-new-post","service":"identity-service","timestamp":"2026-02-22T18:55:05.443Z"}
{"level":"info","message":"Request body [object Object]","service":"identity-service","timestamp":"2026-02-22T18:55:05.445Z"}
{"level":"info","message":"Received a GET request to /api/posts/get-all-posts","service":"identity-service","timestamp":"2026-02-22T18:55:13.157Z"}
{"level":"info","message":"Request body [object Object]","service":"identity-service","timestamp":"2026-02-22T18:55:13.158Z"}
{"level":"info","message":"Received a GET request to /api/posts/get-all-posts","service":"identity-service","timestamp":"2026-02-22T18:55:19.224Z"}
{"level":"info","message":"Request body [object Object]","service":"identity-service","timestamp":"2026-02-22T18:55:19.225Z"}
{"level":"info","message":"Post service running on port: 3002","service":"identity-service","timestamp":"2026-02-22T18:55:59.090Z"}
{"level":"info","message":"Received a POST request to /api/posts/create-new-post","service":"identity-service","timestamp":"2026-02-22T18:56:04.350Z"}
{"level":"info","message":"Request body [object Object]","service":"identity-service","timestamp":"2026-02-22T18:56:04.352Z"}
{"level":"info","message":"Received a GET request to /api/posts/get-all-posts","service":"identity-service","timestamp":"2026-02-22T18:56:14.048Z"}
{"level":"info","message":"Request body [object Object]","service":"identity-service","timestamp":"2026-02-22T18:56:14.049Z"}
{"level":"info","message":"Post service running on port: 3002","service":"identity-service","timestamp":"2026-02-22T19:00:32.150Z"}
{"level":"info","message":"Post service running on port: 3002","service":"identity-service","timestamp":"2026-02-22T19:00:39.610Z"}
{"level":"info","message":"Post service running on port: 3002","service":"identity-service","timestamp":"2026-02-22T19:01:29.231Z"}
{"level":"info","message":"Post service running on port: 3002","service":"identity-service","timestamp":"2026-02-22T19:02:27.845Z"}
{"level":"info","message":"Post service running on port: 3002","service":"identity-service","timestamp":"2026-02-22T19:03:19.571Z"}
{"level":"info","message":"Post service running on port: 3002","service":"identity-service","timestamp":"2026-02-22T19:03:37.142Z"}
{"level":"info","message":"Post service running on port: 3002","service":"identity-service","timestamp":"2026-02-22T19:06:37.933Z"}
{"level":"info","message":"Post service running on port: 3002","service":"identity-service","timestamp":"2026-02-22T19:07:24.832Z"}
{"level":"info","message":"Post service running on port: 3002","service":"identity-service","timestamp":"2026-02-22T19:07:28.821Z"}
{"level":"info","message":"Received a GET request to /api/posts/get-post/699b5144010669eb90159e5a","service":"identity-service","timestamp":"2026-02-22T19:09:03.893Z"}
{"level":"info","message":"Request body [object Object]","service":"identity-service","timestamp":"2026-02-22T19:09:03.895Z"}
{"level":"info","message":"Post service running on port: 3002","service":"identity-service","timestamp":"2026-02-22T19:09:40.021Z"}
{"level":"info","message":"Received a GET request to /api/posts/get-post/699b5144010669eb90159e5a","service":"identity-service","timestamp":"2026-02-22T19:09:43.797Z"}
{"level":"info","message":"Request body [object Object]","service":"identity-service","timestamp":"2026-02-22T19:09:43.801Z"}
{"level":"info","message":"Received a GET request to /api/posts/get-post/699b5144010669eb90159e5a","service":"identity-service","timestamp":"2026-02-22T19:09:46.738Z"}
{"level":"info","message":"Request body [object Object]","service":"identity-service","timestamp":"2026-02-22T19:09:46.739Z"}
{"level":"info","message":"Post service running on port: 3002","service":"identity-service","timestamp":"2026-02-22T19:11:32.029Z"}
{"level":"info","message":"Received a GET request to /api/posts/get-post/699b5144010669eb90159e5a","service":"identity-service","timestamp":"2026-02-22T19:11:43.690Z"}
{"level":"info","message":"Request body [object Object]","service":"identity-service","timestamp":"2026-02-22T19:11:43.693Z"}
{"level":"info","message":"Received a GET request to /api/posts/get-post/699b5144010669eb90159e5a","service":"identity-service","timestamp":"2026-02-22T19:11:56.959Z"}
{"level":"info","message":"Request body [object Object]","service":"identity-service","timestamp":"2026-02-22T19:11:56.960Z"}
{"level":"info","message":"Received a GET request to /api/posts/get-post/699b5144010669eb90159e5a","service":"identity-service","timestamp":"2026-02-22T19:12:02.258Z"}
{"level":"info","message":"Request body [object Object]","service":"identity-service","timestamp":"2026-02-22T19:12:02.259Z"}
{"level":"info","message":"Post service running on port: 3002","service":"identity-service","timestamp":"2026-02-22T19:12:46.406Z"}
{"level":"info","message":"Received a GET request to /api/posts/get-post/699b5144010669eb90159e5a","service":"identity-service","timestamp":"2026-02-22T19:12:56.248Z"}
{"level":"info","message":"Request body [object Object]","service":"identity-service","timestamp":"2026-02-22T19:12:56.250Z"}
{"level":"info","message":"Received a GET request to /api/posts/get-post/699b5144010669eb90159e5a","service":"identity-service","timestamp":"2026-02-22T19:12:58.376Z"}
{"level":"info","message":"Request body [object Object]","service":"identity-service","timestamp":"2026-02-22T19:12:58.378Z"}
{"level":"info","message":"Received a GET request to /api/posts/get-post/699b5144010669eb90159e5a","service":"identity-service","timestamp":"2026-02-22T19:13:00.370Z"}
{"level":"info","message":"Request body [object Object]","service":"identity-service","timestamp":"2026-02-22T19:13:00.371Z"}
{"level":"info","message":"Received a GET request to /api/posts/get-post/699b5144010669eb90159e5a","service":"identity-service","timestamp":"2026-02-22T19:13:02.349Z"}
{"level":"info","message":"Request body [object Object]","service":"identity-service","timestamp":"2026-02-22T19:13:02.350Z"}
{"level":"info","message":"Received a GET request to /api/posts/get-post/699b5144010669eb90159e5a","service":"identity-service","timestamp":"2026-02-22T19:13:03.907Z"}
{"level":"info","message":"Request body [object Object]","service":"identity-service","timestamp":"2026-02-22T19:13:03.908Z"}
{"level":"info","message":"Received a GET request to /api/posts/get-post/699b5144010669eb90159e5a","service":"identity-service","timestamp":"2026-02-22T19:13:05.425Z"}
{"level":"info","message":"Request body [object Object]","service":"identity-service","timestamp":"2026-02-22T19:13:05.427Z"}
{"level":"info","message":"Received a GET request to /api/posts/get-post/699b5144010669eb90159e5a","service":"identity-service","timestamp":"2026-02-22T19:13:06.884Z"}
{"level":"info","message":"Request body [object Object]","service":"identity-service","timestamp":"2026-02-22T19:13:06.885Z"}
{"level":"info","message":"Received a GET request to /api/posts/get-post/699b5144010669eb90159e5a","service":"identity-service","timestamp":"2026-02-22T19:13:08.812Z"}
{"level":"info","message":"Request body [object Object]","service":"identity-service","timestamp":"2026-02-22T19:13:08.813Z"}
{"level":"info","message":"Received a GET request to /api/posts/get-post/699b5144010669eb90159e5a","service":"identity-service","timestamp":"2026-02-22T19:13:10.454Z"}
{"level":"info","message":"Request body [object Object]","service":"identity-service","timestamp":"2026-02-22T19:13:10.455Z"}
{"level":"info","message":"Post service running on port: 3002","service":"identity-service","timestamp":"2026-02-22T19:13:34.965Z"}
{"level":"info","message":"Received a GET request to /api/posts/get-post/699b5144010669eb90159e5a","service":"identity-service","timestamp":"2026-02-22T19:13:39.600Z"}
{"level":"info","message":"Request body [object Object]","service":"identity-service","timestamp":"2026-02-22T19:13:39.602Z"}
{"level":"info","message":"Received a GET request to /api/posts/get-post/699b5144010669eb90159e5a","service":"identity-service","timestamp":"2026-02-22T19:13:47.520Z"}
{"level":"info","message":"Request body [object Object]","service":"identity-service","timestamp":"2026-02-22T19:13:47.522Z"}
{"level":"info","message":"Post service running on port: 3002","service":"identity-service","timestamp":"2026-02-22T19:14:55.872Z"}
{"level":"info","message":"Post service running on port: 3002","service":"identity-service","timestamp":"2026-02-22T19:15:20.688Z"}
{"level":"info","message":"Received a GET request to /api/posts/get-post/699b5144010669eb90159e5a","service":"identity-service","timestamp":"2026-02-22T19:15:26.502Z"}
{"level":"info","message":"Request body [object Object]","service":"identity-service","timestamp":"2026-02-22T19:15:26.505Z"}
{"level":"info","message":"Received a GET request to /api/posts/get-post/699b5144010669eb90159e5a","service":"identity-service","timestamp":"2026-02-22T19:15:28.682Z"}
{"level":"info","message":"Request body [object Object]","service":"identity-service","timestamp":"2026-02-22T19:15:28.683Z"}
{"level":"info","message":"Received a GET request to /api/posts/get-post/699b5144010669eb90159e5a","service":"identity-service","timestamp":"2026-02-22T19:15:31.216Z"}
{"level":"info","message":"Request body [object Object]","service":"identity-service","timestamp":"2026-02-22T19:15:31.217Z"}
{"level":"info","message":"Post service running on port: 3002","service":"identity-service","timestamp":"2026-02-22T19:15:41.632Z"}
{"level":"info","message":"Received a GET request to /api/posts/get-post/699b5144010669eb90159e5a","service":"identity-service","timestamp":"2026-02-22T19:15:43.110Z"}
{"level":"info","message":"Request body [object Object]","service":"identity-service","timestamp":"2026-02-22T19:15:43.114Z"}
{"level":"info","message":"Received a GET request to /api/posts/get-post/699b5144010669eb90159e5a","service":"identity-service","timestamp":"2026-02-22T19:15:46.593Z"}
{"level":"info","message":"Request body [object Object]","service":"identity-service","timestamp":"2026-02-22T19:15:46.594Z"}
{"level":"info","message":"Received a GET request to /api/posts/get-post/699b5144010669eb90159e5a","service":"identity-service","timestamp":"2026-02-22T19:15:48.304Z"}
{"level":"info","message":"Request body [object Object]","service":"identity-service","timestamp":"2026-02-22T19:15:48.305Z"}
{"level":"info","message":"Post service running on port: 3002","service":"identity-service","timestamp":"2026-02-22T19:19:56.534Z"}
{"level":"info","message":"Post service running on port: 3002","service":"identity-service","timestamp":"2026-02-22T19:20:42.474Z"}
{"level":"info","message":"Post service running on port: 3002","service":"identity-service","timestamp":"2026-02-22T19:22:20.403Z"}
{"level":"info","message":"Post service running on port: 3002","service":"identity-service","timestamp":"2026-02-22T19:22:36.880Z"}
{"level":"info","message":"Post service running on port: 3002","service":"identity-service","timestamp":"2026-02-22T19:23:28.287Z"}
{"level":"info","message":"Post service running on port: 3002","service":"identity-service","timestamp":"2026-02-22T19:24:49.529Z"}
{"level":"info","message":"Post service running on port: 3002","service":"identity-service","timestamp":"2026-02-22T19:25:34.469Z"}
{"level":"info","message":"Post service running on port: 3002","service":"identity-service","timestamp":"2026-02-22T19:25:58.022Z"}
{"level":"info","message":"Post service running on port: 3002","service":"identity-service","timestamp":"2026-02-22T19:26:08.647Z"}
{"level":"info","message":"Post service running on port: 3002","service":"identity-service","timestamp":"2026-02-22T19:26:17.287Z"}
{"level":"info","message":"Post service running on port: 3002","service":"identity-service","timestamp":"2026-02-22T19:26:46.293Z"}
{"level":"info","message":"Received a PATCH request to /api/posts/delete-post/699b4b3e309530828d12e562","service":"identity-service","timestamp":"2026-02-22T19:28:46.301Z"}
{"level":"info","message":"Request body [object Object]","service":"identity-service","timestamp":"2026-02-22T19:28:46.304Z"}
{"level":"info","message":"Received a DELETE request to /api/posts/delete-post/699b4b3e309530828d12e562","service":"identity-service","timestamp":"2026-02-22T19:28:56.683Z"}
{"level":"info","message":"Request body [object Object]","service":"identity-service","timestamp":"2026-02-22T19:28:56.684Z"}
{"level":"info","message":"Received a DELETE request to /api/posts/delete-post/699b4b3e309530828d12e562","service":"identity-service","timestamp":"2026-02-22T19:29:51.798Z"}
{"level":"info","message":"Request body [object Object]","service":"identity-service","timestamp":"2026-02-22T19:29:51.799Z"}
{"level":"info","message":"Received a GET request to /api/posts/get-post/699b5144010669eb90159e5a","service":"identity-service","timestamp":"2026-02-22T19:30:19.473Z"}
{"level":"info","message":"Request body [object Object]","service":"identity-service","timestamp":"2026-02-22T19:30:19.474Z"}
{"level":"info","message":"Received a GET request to /api/posts/get-all-posts","service":"identity-service","timestamp":"2026-02-22T19:30:34.979Z"}
{"level":"info","message":"Request body [object Object]","service":"identity-service","timestamp":"2026-02-22T19:30:34.981Z"}
{"level":"info","message":"Received a GET request to /api/posts/get-post/699a1e3f693ce4c6c5eb70d5","service":"identity-service","timestamp":"2026-02-22T19:30:54.249Z"}
{"level":"info","message":"Request body [object Object]","service":"identity-service","timestamp":"2026-02-22T19:30:54.251Z"}
{"level":"info","message":"Received a GET request to /api/posts/get-post/699a1e3f693ce4c6c5eb70d5","service":"identity-service","timestamp":"2026-02-22T19:31:00.457Z"}
{"level":"info","message":"Request body [object Object]","service":"identity-service","timestamp":"2026-02-22T19:31:00.457Z"}
{"level":"info","message":"Received a GET request to /api/posts/get-post/699a1e3f693ce4c6c5eb70d5","service":"identity-service","timestamp":"2026-02-22T19:31:02.039Z"}
{"level":"info","message":"Request body [object Object]","service":"identity-service","timestamp":"2026-02-22T19:31:02.040Z"}
{"level":"info","message":"Received a DELETE request to /api/posts/delete-post/699a1e3f693ce4c6c5eb70d5","service":"identity-service","timestamp":"2026-02-22T19:31:11.449Z"}
{"level":"info","message":"Request body [object Object]","service":"identity-service","timestamp":"2026-02-22T19:31:11.450Z"}
{"level":"info","message":"Received a GET request to /api/posts/get-post/699a1e3f693ce4c6c5eb70d5","service":"identity-service","timestamp":"2026-02-22T19:31:17.032Z"}
{"level":"info","message":"Request body [object Object]","service":"identity-service","timestamp":"2026-02-22T19:31:17.033Z"}
{"level":"info","message":"Received a GET request to /api/posts/get-post/699a1e3f693ce4c6c5eb70d5","service":"identity-service","timestamp":"2026-02-22T19:31:22.148Z"}
{"level":"info","message":"Request body [object Object]","service":"identity-service","timestamp":"2026-02-22T19:31:22.149Z"}
{"level":"info","message":"Received a DELETE request to /api/posts/delete-post/699a1e3f693ce4c6c5eb70d5","service":"identity-service","timestamp":"2026-02-22T19:31:43.434Z"}
{"level":"info","message":"Request body [object Object]","service":"identity-service","timestamp":"2026-02-22T19:31:43.435Z"}
{"level":"info","message":"Received a GET request to /api/posts/get-post/699a1e3f693ce4c6c5eb70d5","service":"identity-service","timestamp":"2026-02-22T19:31:53.378Z"}
{"level":"info","message":"Request body [object Object]","service":"identity-service","timestamp":"2026-02-22T19:31:53.379Z"}
{"level":"info","message":"Received a GET request to /api/posts/get-all-posts","service":"identity-service","timestamp":"2026-02-22T19:31:59.207Z"}
{"level":"info","message":"Request body [object Object]","service":"identity-service","timestamp":"2026-02-22T19:31:59.208Z"}
{"level":"info","message":"Received a GET request to /api/posts/get-post/69976fdccc76aa5e1c68cbdd","service":"identity-service","timestamp":"2026-02-22T19:32:12.883Z"}
{"level":"info","message":"Request body [object Object]","service":"identity-service","timestamp":"2026-02-22T19:32:12.883Z"}
{"level":"info","message":"Received a GET request to /api/posts/get-all-posts","service":"identity-service","timestamp":"2026-02-22T19:32:19.429Z"}
{"level":"info","message":"Request body [object Object]","service":"identity-service","timestamp":"2026-02-22T19:32:19.430Z"}
{"level":"info","message":"Received a GET request to /api/posts/get-post/69976fdccc76aa5e1c68cbdd","service":"identity-service","timestamp":"2026-02-22T19:32:47.167Z"}
{"level":"info","message":"Request body [object Object]","service":"identity-service","timestamp":"2026-02-22T19:32:47.168Z"}
{"level":"info","message":"Received a GET request to /api/posts/get-post/69976fdccc76aa5e1c68cbdd","service":"identity-service","timestamp":"2026-02-22T19:32:49.315Z"}
{"level":"info","message":"Request body [object Object]","service":"identity-service","timestamp":"2026-02-22T19:32:49.316Z"}
{"level":"info","message":"Post service running on port: 3002","service":"identity-service","timestamp":"2026-02-22T19:32:55.947Z"}
{"level":"info","message":"Received a GET request to /api/posts/get-all-posts","service":"identity-service","timestamp":"2026-02-22T19:33:06.613Z"}
{"level":"info","message":"Request body [object Object]","service":"identity-service","timestamp":"2026-02-22T19:33:06.616Z"}
{"level":"info","message":"Received a GET request to /api/posts/get-post/699a1e5c693ce4c6c5eb70d7","service":"identity-service","timestamp":"2026-02-22T19:33:22.941Z"}
{"level":"info","message":"Request body [object Object]","service":"identity-service","timestamp":"2026-02-22T19:33:22.942Z"}
{"level":"info","message":"Received a GET request to /api/posts/get-post/699a1e5c693ce4c6c5eb70d7","service":"identity-service","timestamp":"2026-02-22T19:33:25.467Z"}
{"level":"info","message":"Request body [object Object]","service":"identity-service","timestamp":"2026-02-22T19:33:25.469Z"}
{"level":"info","message":"Received a GET request to /api/posts/get-post/699a1e5c693ce4c6c5eb70d7","service":"identity-service","timestamp":"2026-02-22T19:33:27.377Z"}
{"level":"info","message":"Request body [object Object]","service":"identity-service","timestamp":"2026-02-22T19:33:27.378Z"}
{"level":"info","message":"Received a GET request to /api/posts/get-post/699a1e5c693ce4c6c5eb70d7","service":"identity-service","timestamp":"2026-02-22T19:33:29.661Z"}
{"level":"info","message":"Request body [object Object]","service":"identity-service","timestamp":"2026-02-22T19:33:29.662Z"}
{"level":"info","message":"Received a DELETE request to /api/posts/delete-post/699a1e5c693ce4c6c5eb70d7","service":"identity-service","timestamp":"2026-02-22T19:33:39.478Z"}
{"level":"info","message":"Request body [object Object]","service":"identity-service","timestamp":"2026-02-22T19:33:39.479Z"}
{"level":"info","message":"Received a GET request to /api/posts/get-post/699a1e5c693ce4c6c5eb70d7","service":"identity-service","timestamp":"2026-02-22T19:33:44.135Z"}
{"level":"info","message":"Request body [object Object]","service":"identity-service","timestamp":"2026-02-22T19:33:44.136Z"}
{"level":"info","message":"Post service running on port: 3002","service":"identity-service","timestamp":"2026-02-22T21:04:06.083Z"}
{"cause":{"commonWireVersion":0,"compatible":true,"heartbeatFrequencyMS":10000,"localThresholdMS":15,"logicalSessionTimeoutMinutes":null,"maxElectionId":null,"maxSetVersion":null,"servers":{"ac-wphkjzt-shard-00-00.jms1hbd.mongodb.net:27017":{"$clusterTime":null,"address":"ac-wphkjzt-shard-00-00.jms1hbd.mongodb.net:27017","arbiters":[],"electionId":null,"error":{"beforeHandshake":false,"errorLabelSet":{}},"hosts":[],"iscryptd":false,"lastUpdateTime":84913840,"lastWriteDate":0,"logicalSessionTimeoutMinutes":null,"maxBsonObjectSize":null,"maxMessageSizeBytes":null,"maxWireVersion":0,"maxWriteBatchSize":null,"me":null,"minRoundTripTime":0,"minWireVersion":0,"passives":[],"primary":null,"roundTripTime":-1,"setName":null,"setVersion":null,"tags":{},"topologyVersion":null,"type":"Unknown"},"ac-wphkjzt-shard-00-01.jms1hbd.mongodb.net:27017":{"$clusterTime":null,"address":"ac-wphkjzt-shard-00-01.jms1hbd.mongodb.net:27017","arbiters":[],"electionId":null,"error":{"beforeHandshake":false,"errorLabelSet":{}},"hosts":[],"iscryptd":false,"lastUpdateTime":84913840,"lastWriteDate":0,"logicalSessionTimeoutMinutes":null,"maxBsonObjectSize":null,"maxMessageSizeBytes":null,"maxWireVersion":0,"maxWriteBatchSize":null,"me":null,"minRoundTripTime":0,"minWireVersion":0,"passives":[],"primary":null,"roundTripTime":-1,"setName":null,"setVersion":null,"tags":{},"topologyVersion":null,"type":"Unknown"},"ac-wphkjzt-shard-00-02.jms1hbd.mongodb.net:27017":{"$clusterTime":null,"address":"ac-wphkjzt-shard-00-02.jms1hbd.mongodb.net:27017","arbiters":[],"electionId":null,"error":{"beforeHandshake":false,"errorLabelSet":{}},"hosts":[],"iscryptd":false,"lastUpdateTime":84913841,"lastWriteDate":0,"logicalSessionTimeoutMinutes":null,"maxBsonObjectSize":null,"maxMessageSizeBytes":null,"maxWireVersion":0,"maxWriteBatchSize":null,"me":null,"minRoundTripTime":0,"minWireVersion":0,"passives":[],"primary":null,"roundTripTime":-1,"setName":null,"setVersion":null,"tags":{},"topologyVersion":null,"type":"Unknown"}},"setName":"atlas-5663z4-shard-0","stale":false,"type":"ReplicaSetNoPrimary"},"errorLabelSet":{},"level":"error","message":"Could not connect to any servers in your MongoDB Atlas cluster. One common reason is that you're trying to access the database from an IP that isn't whitelisted. Make sure your current IP address is on your Atlas cluster's IP whitelist: https://www.mongodb.com/docs/atlas/security-whitelist/","reason":{"commonWireVersion":0,"compatible":true,"heartbeatFrequencyMS":10000,"localThresholdMS":15,"logicalSessionTimeoutMinutes":null,"maxElectionId":null,"maxSetVersion":null,"servers":{"ac-wphkjzt-shard-00-00.jms1hbd.mongodb.net:27017":{"$clusterTime":null,"address":"ac-wphkjzt-shard-00-00.jms1hbd.mongodb.net:27017","arbiters":[],"electionId":null,"error":{"beforeHandshake":false,"errorLabelSet":{}},"hosts":[],"iscryptd":false,"lastUpdateTime":84913840,"lastWriteDate":0,"logicalSessionTimeoutMinutes":null,"maxBsonObjectSize":null,"maxMessageSizeBytes":null,"maxWireVersion":0,"maxWriteBatchSize":null,"me":null,"minRoundTripTime":0,"minWireVersion":0,"passives":[],"primary":null,"roundTripTime":-1,"setName":null,"setVersion":null,"tags":{},"topologyVersion":null,"type":"Unknown"},"ac-wphkjzt-shard-00-01.jms1hbd.mongodb.net:27017":{"$clusterTime":null,"address":"ac-wphkjzt-shard-00-01.jms1hbd.mongodb.net:27017","arbiters":[],"electionId":null,"error":{"beforeHandshake":false,"errorLabelSet":{}},"hosts":[],"iscryptd":false,"lastUpdateTime":84913840,"lastWriteDate":0,"logicalSessionTimeoutMinutes":null,"maxBsonObjectSize":null,"maxMessageSizeBytes":null,"maxWireVersion":0,"maxWriteBatchSize":null,"me":null,"minRoundTripTime":0,"minWireVersion":0,"passives":[],"primary":null,"roundTripTime":-1,"setName":null,"setVersion":null,"tags":{},"topologyVersion":null,"type":"Unknown"},"ac-wphkjzt-shard-00-02.jms1hbd.mongodb.net:27017":{"$clusterTime":null,"address":"ac-wphkjzt-shard-00-02.jms1hbd.mongodb.net:27017","arbiters":[],"electionId":null,"error":{"beforeHandshake":false,"errorLabelSet":{}},"hosts":[],"iscryptd":false,"lastUpdateTime":84913841,"lastWriteDate":0,"logicalSessionTimeoutMinutes":null,"maxBsonObjectSize":null,"maxMessageSizeBytes":null,"maxWireVersion":0,"maxWriteBatchSize":null,"me":null,"minRoundTripTime":0,"minWireVersion":0,"passives":[],"primary":null,"roundTripTime":-1,"setName":null,"setVersion":null,"tags":{},"topologyVersion":null,"type":"Unknown"}},"setName":"atlas-5663z4-shard-0","stale":false,"type":"ReplicaSetNoPrimary"},"service":"identity-service","stack":"MongooseServerSelectionError: Could not connect to any servers in your MongoDB Atlas cluster. One common reason is that you're trying to access the database from an IP that isn't whitelisted. Make sure your current IP address is on your Atlas cluster's IP whitelist: https://www.mongodb.com/docs/atlas/security-whitelist/\n    at _handleConnectionErrors (C:\\Users\\ADMIN\\Desktop\\Node Sangam\\Node Concepts\\PART TWO\\4. Microservices\\post-service\\node_modules\\mongoose\\lib\\connection.js:1169:11)\n    at NativeConnection.openUri (C:\\Users\\ADMIN\\Desktop\\Node Sangam\\Node Concepts\\PART TWO\\4. Microservices\\post-service\\node_modules\\mongoose\\lib\\connection.js:1100:11)\n    at async connectToDb (C:\\Users\\ADMIN\\Desktop\\Node Sangam\\Node Concepts\\PART TWO\\4. Microservices\\post-service\\db\\db.js:6:5)","timestamp":"2026-02-22T21:04:36.222Z"}
{"level":"info","message":"Post service running on port: 3002","service":"identity-service","timestamp":"2026-02-24T19:22:02.338Z"}
{"level":"error","message":"BadRequestError: request aborted\n    at IncomingMessage.onAborted (C:\\Users\\ADMIN\\Desktop\\Node Sangam\\Node Concepts\\PART TWO\\4. Microservices\\post-service\\node_modules\\raw-body\\index.js:245:10)\n    at IncomingMessage.emit (node:events:519:28)\n    at IncomingMessage._destroy (node:_http_incoming:221:10)\n    at _destroy (node:internal/streams/destroy:122:10)\n    at IncomingMessage.destroy (node:internal/streams/destroy:84:5)\n    at abortIncoming (node:_http_server:838:9)\n    at socketOnClose (node:_http_server:832:3)\n    at Socket.emit (node:events:531:35)\n    at TCP.<anonymous> (node:net:346:12)","service":"identity-service","timestamp":"2026-02-24T19:23:39.571Z"}
